#
# A fatal error has been detected by the Java Runtime Environment:
#
#  SIGSEGV (0xb) at pc=0x00007fffb712a05d, pid=23172, tid=0x0000000000000307
#
# JRE version: Java(TM) SE Runtime Environment (8.0_121-b13) (build 1.8.0_121-b13)
# Java VM: Java HotSpot(TM) 64-Bit Server VM (25.121-b13 mixed mode bsd-amd64 compressed oops)
# Problematic frame:
# C  [libobjc.A.dylib+0x705d]  objc_msgSend+0x1d
#
# Failed to write core dump. Core dumps have been disabled. To enable core dumping, try "ulimit -c unlimited" before starting Java again
#
# If you would like to submit a bug report, please visit:
#   http://bugreport.java.com/bugreport/crash.jsp
# The crash happened outside the Java Virtual Machine in native code.
# See problematic frame for where to report the bug.
#

---------------  T H R E A D  ---------------

Current thread (0x00007fbb6c057800):  JavaThread "JavaFX Application Thread" [_thread_in_native, id=775, stack(0x00007fff58440000,0x00007fff58c40000)]

siginfo: si_signo: 11 (SIGSEGV), si_code: 1 (SEGV_MAPERR), si_addr: 0x0000000000000018

Registers:
RAX=0x00000000000000e0, RBX=0x00007fbb755ab170, RCX=0x0000000000000000, RDX=0x00007fbb6a2c8910
RSP=0x00007fff58c383c8, RBP=0x00007fff58c38400, RSI=0x00007fffa09ad05a, RDI=0x00007fbb755e0690
R8 =0x00000000000003ff, R9 =0x00007fbb755ab170, R10=0x0000000000000000, R11=0x00007fffa09ad05a
R12=0xffff80448aa54e90, R13=0x00007fffc0886848, R14=0x00007fffa09ad05a, R15=0x00007fffb712a040
RIP=0x00007fffb712a05d, EFLAGS=0x0000000000010246, ERR=0x0000000000000004
  TRAPNO=0x000000000000000e

Top of Stack: (sp=0x00007fff58c383c8)
0x00007fff58c383c8:   00007fffb4f18cf4 00007fff58c38400
0x00007fff58c383d8:   00007fffb7145292 00000000000003c0
0x00007fff58c383e8:   0000000000000001 00007fbb755ab170
0x00007fff58c383f8:   00007fffc0886401 00007fff58c38460
0x00007fff58c38408:   00007fffb71322e7 00007fffc0886840
0x00007fff58c38418:   000000017687af20 ffff80448aa54e90
0x00007fff58c38428:   ffff80448aa54e90 00007fbb6a2c8910
0x00007fff58c38438:   00007fbb6c480010 00007fbb6c480000
0x00007fff58c38448:   a3a3a3a3a3a3a3a3 00007fbb6a550c58
0x00007fff58c38458:   00007fbb6a550000 00007fff58c388b0
0x00007fff58c38468:   00007fffb712d3bd 00007fbb69c2b9e0
0x00007fff58c38478:   00007fffa09b2557 0000000000003c00
0x00007fff58c38488:   00007fffa3c98897 00007fbb69c2b9f0
0x00007fff58c38498:   0000000000000006 0000000106fe3600
0x00007fff58c384a8:   0000000000000030 00007fff58c384d0
0x00007fff58c384b8:   0000000000000003 0000000006fe3600
0x00007fff58c384c8:   0000000000000006 0000000106fdc000
0x00007fff58c384d8:   ff80000000001006 00007fffbd2c16d0
0x00007fff58c384e8:   0000000000002c00 0000000000000000
0x00007fff58c384f8:   0000000000000000 0000000000000000
0x00007fff58c38508:   0000000000000000 0000000000000000
0x00007fff58c38518:   0000000000000000 0000000000000000
0x00007fff58c38528:   0000000000000000 00007fffbca09b20
0x00007fff58c38538:   0000000000000000 0000000000000000
0x00007fff58c38548:   0000000000000000 0000000000000000
0x00007fff58c38558:   0000000000000000 0000000000000000
0x00007fff58c38568:   0000000000000000 0000000000000000
0x00007fff58c38578:   0000000000000000 0000000000000000
0x00007fff58c38588:   0000000000000000 0000000000000000
0x00007fff58c38598:   0000000000000000 00007fff58c38620
0x00007fff58c385a8:   00007fffa2237da5 00007fbb73acbda0
0x00007fff58c385b8:   00007fff58c385f0 00007fbb73acbd90 

Instructions: (pc=0x00007fffb712a05d)
0x00007fffb712a03d:   0f 1f 00 48 85 ff 2e 74 62 40 f6 c7 01 2e 75 66
0x00007fffb712a04d:   49 ba f8 ff ff ff ff 7f 00 00 4c 23 17 49 89 f3
0x00007fffb712a05d:   45 23 5a 18 49 c1 e3 04 4d 03 5a 10 49 3b 33 75
0x00007fffb712a06d:   04 41 ff 63 08 49 83 3b 01 76 0d 49 83 c3 10 49 

Register to memory mapping:

RAX=0x00000000000000e0 is an unknown value
RBX=0x00007fbb755ab170 is an unknown value
RCX=0x0000000000000000 is an unknown value
RDX=0x00007fbb6a2c8910 is an unknown value
RSP=0x00007fff58c383c8 is pointing into the stack for thread: 0x00007fbb6c057800
RBP=0x00007fff58c38400 is pointing into the stack for thread: 0x00007fbb6c057800
RSI=0x00007fffa09ad05a: __NSStyleNameIndexTable+0x77ca2 in /System/Library/Frameworks/AppKit.framework/Versions/C/AppKit at 0x00007fff9fd48000
RDI=0x00007fbb755e0690 is an unknown value
R8 =0x00000000000003ff is an unknown value
R9 =0x00007fbb755ab170 is an unknown value
R10=0x0000000000000000 is an unknown value
R11=0x00007fffa09ad05a: __NSStyleNameIndexTable+0x77ca2 in /System/Library/Frameworks/AppKit.framework/Versions/C/AppKit at 0x00007fff9fd48000
R12=0xffff80448aa54e90 is an unknown value
R13=0x00007fffc0886848: _ZN12_GLOBAL__N_1L12SideTableBufE+0x3c8 in /usr/lib/libobjc.A.dylib at 0x00007fffb7123000
R14=0x00007fffa09ad05a: __NSStyleNameIndexTable+0x77ca2 in /System/Library/Frameworks/AppKit.framework/Versions/C/AppKit at 0x00007fff9fd48000
R15=0x00007fffb712a040: objc_msgSend+0 in /usr/lib/libobjc.A.dylib at 0x00007fffb7123000


Stack: [0x00007fff58440000,0x00007fff58c40000],  sp=0x00007fff58c383c8,  free space=8160k
Native frames: (J=compiled Java code, j=interpreted, Vv=VM code, C=native code)
C  [libobjc.A.dylib+0x705d]  objc_msgSend+0x1d
C  [libobjc.A.dylib+0xf2e7]  _ZN11objc_object17sidetable_releaseEb+0x11d
C  [libobjc.A.dylib+0xa3bd]  _ZN12_GLOBAL__N_119AutoreleasePoolPage3popEPv+0x30d
C  [CoreFoundation+0x46026]  _CFAutoreleasePoolPop+0x16
C  [Foundation+0x16b57]  -[NSAutoreleasePool drain]+0x92
C  [libglass.dylib+0x714a]  Java_com_sun_glass_ui_mac_MacApplication__1enterNestedEventLoopImpl+0x5a
j  com.sun.glass.ui.mac.MacApplication._enterNestedEventLoopImpl()Ljava/lang/Object;+0
j  com.sun.glass.ui.mac.MacApplication._enterNestedEventLoop()Ljava/lang/Object;+15
j  com.sun.glass.ui.Application.enterNestedEventLoop()Ljava/lang/Object;+14
j  com.sun.glass.ui.EventLoop.enter()Ljava/lang/Object;+42
v  ~StubRoutines::call_stub
V  [libjvm.dylib+0x2ed9d6]
V  [libjvm.dylib+0x324b65]
V  [libjvm.dylib+0x314c0f]
C  [libglass.dylib+0x8b6b]  -[DialogDispatcher runModally]+0x20b
C  [Foundation+0x31b86]  -[NSObject(NSThreadPerformAdditions) performSelector:onThread:withObject:waitUntilDone:modes:]+0x446
C  [Foundation+0x316c2]  -[NSObject(NSThreadPerformAdditions) performSelectorOnMainThread:withObject:waitUntilDone:]+0x83
C  [libglass.dylib+0x9cba]  Java_com_sun_glass_ui_mac_MacCommonDialogs__1showFileOpenChooser+0x2da
j  com.sun.glass.ui.mac.MacCommonDialogs._showFileOpenChooser(JLjava/lang/String;Ljava/lang/String;Z[Lcom/sun/glass/ui/CommonDialogs$ExtensionFilter;I)Lcom/sun/glass/ui/CommonDialogs$FileChooserResult;+0
j  com.sun.glass.ui.mac.MacCommonDialogs.showFileChooser_impl(Lcom/sun/glass/ui/Window;Ljava/lang/String;Ljava/lang/String;Ljava/lang/String;IZ[Lcom/sun/glass/ui/CommonDialogs$ExtensionFilter;I)Lcom/sun/glass/ui/CommonDialogs$FileChooserResult;+29
j  com.sun.glass.ui.mac.MacApplication.staticCommonDialogs_showFileChooser(Lcom/sun/glass/ui/Window;Ljava/lang/String;Ljava/lang/String;Ljava/lang/String;IZ[Lcom/sun/glass/ui/CommonDialogs$ExtensionFilter;I)Lcom/sun/glass/ui/CommonDialogs$FileChooserResult;+13
j  com.sun.glass.ui.CommonDialogs.showFileChooser(Lcom/sun/glass/ui/Window;Ljava/io/File;Ljava/lang/String;Ljava/lang/String;IZLjava/util/List;I)Lcom/sun/glass/ui/CommonDialogs$FileChooserResult;+121
j  com.sun.javafx.tk.quantum.QuantumToolkit.showFileChooser(Lcom/sun/javafx/tk/TKStage;Ljava/lang/String;Ljava/io/File;Ljava/lang/String;Lcom/sun/javafx/tk/FileChooserType;Ljava/util/List;Ljavafx/stage/FileChooser$ExtensionFilter;)Lcom/sun/glass/ui/CommonDialogs$FileChooserResult;+72
j  javafx.stage.FileChooser.showDialog(Ljavafx/stage/Window;Lcom/sun/javafx/tk/FileChooserType;)Ljava/util/List;+36
j  javafx.stage.FileChooser.showOpenDialog(Ljavafx/stage/Window;)Ljava/io/File;+5
j  GUI.FilePicker.getFile(Ljavafx/stage/Stage;I)Ljava/io/File;+79
j  GUI.MainWindowController.open()V+49
v  ~StubRoutines::call_stub
V  [libjvm.dylib+0x2ed9d6]
V  [libjvm.dylib+0x4d26c4]
V  [libjvm.dylib+0x4d2bf8]
V  [libjvm.dylib+0x345db8]
j  sun.reflect.NativeMethodAccessorImpl.invoke0(Ljava/lang/reflect/Method;Ljava/lang/Object;[Ljava/lang/Object;)Ljava/lang/Object;+0
J 2011 C1 sun.reflect.NativeMethodAccessorImpl.invoke(Ljava/lang/Object;[Ljava/lang/Object;)Ljava/lang/Object; (104 bytes) @ 0x00000001169f9554 [0x00000001169f8380+0x11d4]
J 1279 C1 sun.reflect.DelegatingMethodAccessorImpl.invoke(Ljava/lang/Object;[Ljava/lang/Object;)Ljava/lang/Object; (10 bytes) @ 0x000000011685040c [0x0000000116850300+0x10c]
J 1278 C1 java.lang.reflect.Method.invoke(Ljava/lang/Object;[Ljava/lang/Object;)Ljava/lang/Object; (62 bytes) @ 0x000000011684a01c [0x0000000116849c20+0x3fc]
j  sun.reflect.misc.Trampoline.invoke(Ljava/lang/reflect/Method;Ljava/lang/Object;[Ljava/lang/Object;)Ljava/lang/Object;+7
j  sun.reflect.GeneratedMethodAccessor1.invoke(Ljava/lang/Object;[Ljava/lang/Object;)Ljava/lang/Object;+40
J 1279 C1 sun.reflect.DelegatingMethodAccessorImpl.invoke(Ljava/lang/Object;[Ljava/lang/Object;)Ljava/lang/Object; (10 bytes) @ 0x000000011685040c [0x0000000116850300+0x10c]
J 1278 C1 java.lang.reflect.Method.invoke(Ljava/lang/Object;[Ljava/lang/Object;)Ljava/lang/Object; (62 bytes) @ 0x000000011684a01c [0x0000000116849c20+0x3fc]
j  sun.reflect.misc.MethodUtil.invoke(Ljava/lang/reflect/Method;Ljava/lang/Object;[Ljava/lang/Object;)Ljava/lang/Object;+20
j  javafx.fxml.FXMLLoader$MethodHandler.invoke([Ljava/lang/Object;)V+38
j  javafx.fxml.FXMLLoader$ControllerMethodEventHandler.handle(Ljavafx/event/Event;)V+12
J 1668 C1 com.sun.javafx.event.CompositeEventHandler.dispatchBubblingEvent(Ljavafx/event/Event;)V (57 bytes) @ 0x0000000116942494 [0x00000001169420c0+0x3d4]
J 1611 C1 com.sun.javafx.event.EventHandlerManager.dispatchBubblingEvent(Ljavafx/event/Event;)Ljavafx/event/Event; (23 bytes) @ 0x000000011692f81c [0x000000011692f1a0+0x67c]
J 3293 C2 com.sun.javafx.event.BasicEventDispatcher.dispatchEvent(Ljavafx/event/Event;Ljavafx/event/EventDispatchChain;)Ljavafx/event/Event; (44 bytes) @ 0x0000000116e3acb0 [0x0000000116e3ab80+0x130]
J 2949 C2 com.sun.javafx.event.EventDispatchChainImpl.dispatchEvent(Ljavafx/event/Event;)Ljavafx/event/Event; (101 bytes) @ 0x0000000116d3ed18 [0x0000000116d3ec60+0xb8]
J 1932 C1 com.sun.javafx.event.EventUtil.fireEvent(Ljavafx/event/EventTarget;Ljavafx/event/Event;)Ljavafx/event/Event; (81 bytes) @ 0x00000001169d24dc [0x00000001169d1900+0xbdc]
J 1931 C1 javafx.event.Event.fireEvent(Ljavafx/event/EventTarget;Ljavafx/event/Event;)V (35 bytes) @ 0x00000001169d12ac [0x00000001169d11e0+0xcc]
j  javafx.scene.control.MenuItem.fire()V+10
j  com.sun.javafx.scene.control.skin.ContextMenuContent$MenuItemContainer.doSelect()V+97
j  com.sun.javafx.scene.control.skin.ContextMenuContent$MenuItemContainer.lambda$createChildren$343(Ljavafx/scene/input/MouseEvent;)V+1
j  com.sun.javafx.scene.control.skin.ContextMenuContent$MenuItemContainer$$Lambda$284.handle(Ljavafx/event/Event;)V+8
J 2407 C1 com.sun.javafx.event.CompositeEventHandler$NormalEventHandlerRecord.handleBubblingEvent(Ljavafx/event/Event;)V (11 bytes) @ 0x0000000116b51c8c [0x0000000116b51b80+0x10c]
J 1668 C1 com.sun.javafx.event.CompositeEventHandler.dispatchBubblingEvent(Ljavafx/event/Event;)V (57 bytes) @ 0x0000000116942304 [0x00000001169420c0+0x244]
J 1611 C1 com.sun.javafx.event.EventHandlerManager.dispatchBubblingEvent(Ljavafx/event/Event;)Ljavafx/event/Event; (23 bytes) @ 0x000000011692f81c [0x000000011692f1a0+0x67c]
J 1613 C1 com.sun.javafx.event.CompositeEventDispatcher.dispatchBubblingEvent(Ljavafx/event/Event;)Ljavafx/event/Event; (35 bytes) @ 0x000000011692e3dc [0x000000011692e220+0x1bc]
J 3293 C2 com.sun.javafx.event.BasicEventDispatcher.dispatchEvent(Ljavafx/event/Event;Ljavafx/event/EventDispatchChain;)Ljavafx/event/Event; (44 bytes) @ 0x0000000116e3acb0 [0x0000000116e3ab80+0x130]
J 3293 C2 com.sun.javafx.event.BasicEventDispatcher.dispatchEvent(Ljavafx/event/Event;Ljavafx/event/EventDispatchChain;)Ljavafx/event/Event; (44 bytes) @ 0x0000000116e3ac6c [0x0000000116e3ab80+0xec]
J 3293 C2 com.sun.javafx.event.BasicEventDispatcher.dispatchEvent(Ljavafx/event/Event;Ljavafx/event/EventDispatchChain;)Ljavafx/event/Event; (44 bytes) @ 0x0000000116e3ac6c [0x0000000116e3ab80+0xec]
J 3293 C2 com.sun.javafx.event.BasicEventDispatcher.dispatchEvent(Ljavafx/event/Event;Ljavafx/event/EventDispatchChain;)Ljavafx/event/Event; (44 bytes) @ 0x0000000116e3ac6c [0x0000000116e3ab80+0xec]
J 2949 C2 com.sun.javafx.event.EventDispatchChainImpl.dispatchEvent(Ljavafx/event/Event;)Ljavafx/event/Event; (101 bytes) @ 0x0000000116d3ed18 [0x0000000116d3ec60+0xb8]
J 1932 C1 com.sun.javafx.event.EventUtil.fireEvent(Ljavafx/event/EventTarget;Ljavafx/event/Event;)Ljavafx/event/Event; (81 bytes) @ 0x00000001169d202c [0x00000001169d1900+0x72c]
J 2566 C1 javafx.scene.Scene$MouseHandler.process(Ljavafx/scene/input/MouseEvent;Z)V (735 bytes) @ 0x0000000116baf37c [0x0000000116bac860+0x2b1c]
J 3098 C1 javafx.scene.Scene$ScenePeerListener.mouseEvent(Ljavafx/event/EventType;DDDDLjavafx/scene/input/MouseButton;ZZZZZZZZZ)V (50 bytes) @ 0x0000000116d96ff4 [0x0000000116d96d20+0x2d4]
J 3094 C1 com.sun.javafx.tk.quantum.GlassViewEventHandler$MouseEventNotification.run()Ljava/lang/Void; (567 bytes) @ 0x0000000116d9585c [0x0000000116d94a80+0xddc]
J 3093 C1 com.sun.javafx.tk.quantum.GlassViewEventHandler$MouseEventNotification.run()Ljava/lang/Object; (5 bytes) @ 0x0000000116d9460c [0x0000000116d94580+0x8c]
v  ~StubRoutines::call_stub
V  [libjvm.dylib+0x2ed9d6]
V  [libjvm.dylib+0x34e114]
J 1921  java.security.AccessController.doPrivileged(Ljava/security/PrivilegedAction;Ljava/security/AccessControlContext;)Ljava/lang/Object; (0 bytes) @ 0x00000001169bfc55 [0x00000001169bfb80+0xd5]
J 2795 C1 com.sun.javafx.tk.quantum.GlassViewEventHandler$$Lambda$260.get()Ljava/lang/Object; (8 bytes) @ 0x0000000116c80424 [0x0000000116c80240+0x1e4]
J 1922 C1 com.sun.javafx.tk.quantum.QuantumToolkit.runWithoutRenderLock(Ljava/util/function/Supplier;)Ljava/lang/Object; (49 bytes) @ 0x00000001169c91b4 [0x00000001169c8c80+0x534]
J 2792 C1 com.sun.javafx.tk.quantum.GlassViewEventHandler.handleMouseEvent(Lcom/sun/glass/ui/View;JIIIIIIIZZ)V (108 bytes) @ 0x0000000116c829a4 [0x0000000116c82580+0x424]
J 2578 C1 com.sun.glass.ui.View.notifyMouse(IIIIIIIZZ)V (221 bytes) @ 0x0000000116bc1dc4 [0x0000000116bc0d60+0x1064]
v  ~StubRoutines::call_stub
V  [libjvm.dylib+0x2ed9d6]
V  [libjvm.dylib+0x324b65]
V  [libjvm.dylib+0x317333]
C  [libglass.dylib+0x2055c]  -[GlassViewDelegate sendJavaMouseEvent:]+0x86c
C  [AppKit+0x93c8de]  -[NSWindow(NSEventRouting) _reallySendEvent:isDelayedEvent:]+0x608
C  [AppKit+0x93bf0a]  -[NSWindow(NSEventRouting) sendEvent:]+0x21d
C  [libglass.dylib+0x25dc4]  -[GlassWindow_Panel sendEvent:]+0x74
C  [AppKit+0x7c0681]  -[NSApplication(NSEvent) sendEvent:]+0x479
C  [AppKit+0x3b427]  -[NSApplication run]+0x3ea
C  [libglass.dylib+0x651c]  -[GlassApplication runLoop:]+0x72c
C  [Foundation+0x7152a]  __NSThreadPerformPerform+0x146
C  [CoreFoundation+0xa7321]  __CFRUNLOOP_IS_CALLING_OUT_TO_A_SOURCE0_PERFORM_FUNCTION__+0x11
C  [CoreFoundation+0x8821d]  __CFRunLoopDoSources0+0x22d
C  [CoreFoundation+0x87716]  __CFRunLoopRun+0x3a6
C  [CoreFoundation+0x87114]  CFRunLoopRunSpecific+0x1a4
C  [java+0x6465]  CreateExecutionEnvironment+0x367
C  [java+0x218c]  JLI_Launch+0x7a0
C  [java+0x84c2]  main+0x65
C  [java+0x19e4]  start+0x34
C  0x0000000000000005

Java frames: (J=compiled Java code, j=interpreted, Vv=VM code)
j  com.sun.glass.ui.mac.MacApplication._enterNestedEventLoopImpl()Ljava/lang/Object;+0
j  com.sun.glass.ui.mac.MacApplication._enterNestedEventLoop()Ljava/lang/Object;+15
j  com.sun.glass.ui.Application.enterNestedEventLoop()Ljava/lang/Object;+14
j  com.sun.glass.ui.EventLoop.enter()Ljava/lang/Object;+42
v  ~StubRoutines::call_stub
j  com.sun.glass.ui.mac.MacCommonDialogs._showFileOpenChooser(JLjava/lang/String;Ljava/lang/String;Z[Lcom/sun/glass/ui/CommonDialogs$ExtensionFilter;I)Lcom/sun/glass/ui/CommonDialogs$FileChooserResult;+0
j  com.sun.glass.ui.mac.MacCommonDialogs.showFileChooser_impl(Lcom/sun/glass/ui/Window;Ljava/lang/String;Ljava/lang/String;Ljava/lang/String;IZ[Lcom/sun/glass/ui/CommonDialogs$ExtensionFilter;I)Lcom/sun/glass/ui/CommonDialogs$FileChooserResult;+29
j  com.sun.glass.ui.mac.MacApplication.staticCommonDialogs_showFileChooser(Lcom/sun/glass/ui/Window;Ljava/lang/String;Ljava/lang/String;Ljava/lang/String;IZ[Lcom/sun/glass/ui/CommonDialogs$ExtensionFilter;I)Lcom/sun/glass/ui/CommonDialogs$FileChooserResult;+13
j  com.sun.glass.ui.CommonDialogs.showFileChooser(Lcom/sun/glass/ui/Window;Ljava/io/File;Ljava/lang/String;Ljava/lang/String;IZLjava/util/List;I)Lcom/sun/glass/ui/CommonDialogs$FileChooserResult;+121
j  com.sun.javafx.tk.quantum.QuantumToolkit.showFileChooser(Lcom/sun/javafx/tk/TKStage;Ljava/lang/String;Ljava/io/File;Ljava/lang/String;Lcom/sun/javafx/tk/FileChooserType;Ljava/util/List;Ljavafx/stage/FileChooser$ExtensionFilter;)Lcom/sun/glass/ui/CommonDialogs$FileChooserResult;+72
j  javafx.stage.FileChooser.showDialog(Ljavafx/stage/Window;Lcom/sun/javafx/tk/FileChooserType;)Ljava/util/List;+36
j  javafx.stage.FileChooser.showOpenDialog(Ljavafx/stage/Window;)Ljava/io/File;+5
j  GUI.FilePicker.getFile(Ljavafx/stage/Stage;I)Ljava/io/File;+79
j  GUI.MainWindowController.open()V+49
v  ~StubRoutines::call_stub
j  sun.reflect.NativeMethodAccessorImpl.invoke0(Ljava/lang/reflect/Method;Ljava/lang/Object;[Ljava/lang/Object;)Ljava/lang/Object;+0
J 2011 C1 sun.reflect.NativeMethodAccessorImpl.invoke(Ljava/lang/Object;[Ljava/lang/Object;)Ljava/lang/Object; (104 bytes) @ 0x00000001169f9554 [0x00000001169f8380+0x11d4]
J 1279 C1 sun.reflect.DelegatingMethodAccessorImpl.invoke(Ljava/lang/Object;[Ljava/lang/Object;)Ljava/lang/Object; (10 bytes) @ 0x000000011685040c [0x0000000116850300+0x10c]
J 1278 C1 java.lang.reflect.Method.invoke(Ljava/lang/Object;[Ljava/lang/Object;)Ljava/lang/Object; (62 bytes) @ 0x000000011684a01c [0x0000000116849c20+0x3fc]
j  sun.reflect.misc.Trampoline.invoke(Ljava/lang/reflect/Method;Ljava/lang/Object;[Ljava/lang/Object;)Ljava/lang/Object;+7
j  sun.reflect.GeneratedMethodAccessor1.invoke(Ljava/lang/Object;[Ljava/lang/Object;)Ljava/lang/Object;+40
J 1279 C1 sun.reflect.DelegatingMethodAccessorImpl.invoke(Ljava/lang/Object;[Ljava/lang/Object;)Ljava/lang/Object; (10 bytes) @ 0x000000011685040c [0x0000000116850300+0x10c]
J 1278 C1 java.lang.reflect.Method.invoke(Ljava/lang/Object;[Ljava/lang/Object;)Ljava/lang/Object; (62 bytes) @ 0x000000011684a01c [0x0000000116849c20+0x3fc]
j  sun.reflect.misc.MethodUtil.invoke(Ljava/lang/reflect/Method;Ljava/lang/Object;[Ljava/lang/Object;)Ljava/lang/Object;+20
j  javafx.fxml.FXMLLoader$MethodHandler.invoke([Ljava/lang/Object;)V+38
j  javafx.fxml.FXMLLoader$ControllerMethodEventHandler.handle(Ljavafx/event/Event;)V+12
J 1668 C1 com.sun.javafx.event.CompositeEventHandler.dispatchBubblingEvent(Ljavafx/event/Event;)V (57 bytes) @ 0x0000000116942494 [0x00000001169420c0+0x3d4]
J 1611 C1 com.sun.javafx.event.EventHandlerManager.dispatchBubblingEvent(Ljavafx/event/Event;)Ljavafx/event/Event; (23 bytes) @ 0x000000011692f81c [0x000000011692f1a0+0x67c]
J 3293 C2 com.sun.javafx.event.BasicEventDispatcher.dispatchEvent(Ljavafx/event/Event;Ljavafx/event/EventDispatchChain;)Ljavafx/event/Event; (44 bytes) @ 0x0000000116e3acb0 [0x0000000116e3ab80+0x130]
J 2949 C2 com.sun.javafx.event.EventDispatchChainImpl.dispatchEvent(Ljavafx/event/Event;)Ljavafx/event/Event; (101 bytes) @ 0x0000000116d3ed18 [0x0000000116d3ec60+0xb8]
J 1932 C1 com.sun.javafx.event.EventUtil.fireEvent(Ljavafx/event/EventTarget;Ljavafx/event/Event;)Ljavafx/event/Event; (81 bytes) @ 0x00000001169d24dc [0x00000001169d1900+0xbdc]
J 1931 C1 javafx.event.Event.fireEvent(Ljavafx/event/EventTarget;Ljavafx/event/Event;)V (35 bytes) @ 0x00000001169d12ac [0x00000001169d11e0+0xcc]
j  javafx.scene.control.MenuItem.fire()V+10
j  com.sun.javafx.scene.control.skin.ContextMenuContent$MenuItemContainer.doSelect()V+97
j  com.sun.javafx.scene.control.skin.ContextMenuContent$MenuItemContainer.lambda$createChildren$343(Ljavafx/scene/input/MouseEvent;)V+1
j  com.sun.javafx.scene.control.skin.ContextMenuContent$MenuItemContainer$$Lambda$284.handle(Ljavafx/event/Event;)V+8
J 2407 C1 com.sun.javafx.event.CompositeEventHandler$NormalEventHandlerRecord.handleBubblingEvent(Ljavafx/event/Event;)V (11 bytes) @ 0x0000000116b51c8c [0x0000000116b51b80+0x10c]
J 1668 C1 com.sun.javafx.event.CompositeEventHandler.dispatchBubblingEvent(Ljavafx/event/Event;)V (57 bytes) @ 0x0000000116942304 [0x00000001169420c0+0x244]
J 1611 C1 com.sun.javafx.event.EventHandlerManager.dispatchBubblingEvent(Ljavafx/event/Event;)Ljavafx/event/Event; (23 bytes) @ 0x000000011692f81c [0x000000011692f1a0+0x67c]
J 1613 C1 com.sun.javafx.event.CompositeEventDispatcher.dispatchBubblingEvent(Ljavafx/event/Event;)Ljavafx/event/Event; (35 bytes) @ 0x000000011692e3dc [0x000000011692e220+0x1bc]
J 3293 C2 com.sun.javafx.event.BasicEventDispatcher.dispatchEvent(Ljavafx/event/Event;Ljavafx/event/EventDispatchChain;)Ljavafx/event/Event; (44 bytes) @ 0x0000000116e3acb0 [0x0000000116e3ab80+0x130]
J 3293 C2 com.sun.javafx.event.BasicEventDispatcher.dispatchEvent(Ljavafx/event/Event;Ljavafx/event/EventDispatchChain;)Ljavafx/event/Event; (44 bytes) @ 0x0000000116e3ac6c [0x0000000116e3ab80+0xec]
J 3293 C2 com.sun.javafx.event.BasicEventDispatcher.dispatchEvent(Ljavafx/event/Event;Ljavafx/event/EventDispatchChain;)Ljavafx/event/Event; (44 bytes) @ 0x0000000116e3ac6c [0x0000000116e3ab80+0xec]
J 3293 C2 com.sun.javafx.event.BasicEventDispatcher.dispatchEvent(Ljavafx/event/Event;Ljavafx/event/EventDispatchChain;)Ljavafx/event/Event; (44 bytes) @ 0x0000000116e3ac6c [0x0000000116e3ab80+0xec]
J 2949 C2 com.sun.javafx.event.EventDispatchChainImpl.dispatchEvent(Ljavafx/event/Event;)Ljavafx/event/Event; (101 bytes) @ 0x0000000116d3ed18 [0x0000000116d3ec60+0xb8]
J 1932 C1 com.sun.javafx.event.EventUtil.fireEvent(Ljavafx/event/EventTarget;Ljavafx/event/Event;)Ljavafx/event/Event; (81 bytes) @ 0x00000001169d202c [0x00000001169d1900+0x72c]
J 2566 C1 javafx.scene.Scene$MouseHandler.process(Ljavafx/scene/input/MouseEvent;Z)V (735 bytes) @ 0x0000000116baf37c [0x0000000116bac860+0x2b1c]
J 3098 C1 javafx.scene.Scene$ScenePeerListener.mouseEvent(Ljavafx/event/EventType;DDDDLjavafx/scene/input/MouseButton;ZZZZZZZZZ)V (50 bytes) @ 0x0000000116d96ff4 [0x0000000116d96d20+0x2d4]
J 3094 C1 com.sun.javafx.tk.quantum.GlassViewEventHandler$MouseEventNotification.run()Ljava/lang/Void; (567 bytes) @ 0x0000000116d9585c [0x0000000116d94a80+0xddc]
J 3093 C1 com.sun.javafx.tk.quantum.GlassViewEventHandler$MouseEventNotification.run()Ljava/lang/Object; (5 bytes) @ 0x0000000116d9460c [0x0000000116d94580+0x8c]
v  ~StubRoutines::call_stub
J 1921  java.security.AccessController.doPrivileged(Ljava/security/PrivilegedAction;Ljava/security/AccessControlContext;)Ljava/lang/Object; (0 bytes) @ 0x00000001169bfbe3 [0x00000001169bfb80+0x63]
J 2795 C1 com.sun.javafx.tk.quantum.GlassViewEventHandler$$Lambda$260.get()Ljava/lang/Object; (8 bytes) @ 0x0000000116c80424 [0x0000000116c80240+0x1e4]
J 1922 C1 com.sun.javafx.tk.quantum.QuantumToolkit.runWithoutRenderLock(Ljava/util/function/Supplier;)Ljava/lang/Object; (49 bytes) @ 0x00000001169c91b4 [0x00000001169c8c80+0x534]
J 2792 C1 com.sun.javafx.tk.quantum.GlassViewEventHandler.handleMouseEvent(Lcom/sun/glass/ui/View;JIIIIIIIZZ)V (108 bytes) @ 0x0000000116c829a4 [0x0000000116c82580+0x424]
J 2578 C1 com.sun.glass.ui.View.notifyMouse(IIIIIIIZZ)V (221 bytes) @ 0x0000000116bc1dc4 [0x0000000116bc0d60+0x1064]
v  ~StubRoutines::call_stub

---------------  P R O C E S S  ---------------

Java Threads: ( => current thread )
  0x00007fbb6c9da800 JavaThread "Java2D Queue Flusher" daemon [_thread_blocked, id=68363, stack(0x000070000c49a000,0x000070000c59a000)]
  0x00007fbb6c987800 JavaThread "Java2D Disposer" daemon [_thread_blocked, id=68155, stack(0x000070000c397000,0x000070000c497000)]
  0x00007fbb6c0dd800 JavaThread "Prism Font Disposer" daemon [_thread_blocked, id=56395, stack(0x000070000c005000,0x000070000c105000)]
  0x00007fbb6a14d000 JavaThread "Thread-4" daemon [_thread_in_native, id=39939, stack(0x000070000beff000,0x000070000bf7f000)]
=>0x00007fbb6c057800 JavaThread "JavaFX Application Thread" [_thread_in_native, id=775, stack(0x00007fff58440000,0x00007fff58c40000)]
  0x00007fbb6a11c800 JavaThread "Thread-2" daemon [_thread_blocked, id=28171, stack(0x000070000bdfc000,0x000070000befc000)]
  0x00007fbb6c85f800 JavaThread "QuantumRenderer-0" daemon [_thread_blocked, id=22787, stack(0x000070000bcf9000,0x000070000bdf9000)]
  0x00007fbb6a048000 JavaThread "JavaFX-Launcher" [_thread_blocked, id=22275, stack(0x000070000bbf6000,0x000070000bcf6000)]
  0x00007fbb6a01f000 JavaThread "Service Thread" daemon [_thread_blocked, id=21251, stack(0x000070000b9f0000,0x000070000baf0000)]
  0x00007fbb6c849000 JavaThread "C1 CompilerThread3" daemon [_thread_blocked, id=20739, stack(0x000070000b8ed000,0x000070000b9ed000)]
  0x00007fbb6c848800 JavaThread "C2 CompilerThread2" daemon [_thread_blocked, id=20227, stack(0x000070000b7ea000,0x000070000b8ea000)]
  0x00007fbb6c843000 JavaThread "C2 CompilerThread1" daemon [_thread_blocked, id=19715, stack(0x000070000b6e7000,0x000070000b7e7000)]
  0x00007fbb6c841800 JavaThread "C2 CompilerThread0" daemon [_thread_blocked, id=19203, stack(0x000070000b5e4000,0x000070000b6e4000)]
  0x00007fbb6c80c000 JavaThread "Signal Dispatcher" daemon [_thread_blocked, id=18691, stack(0x000070000b4e1000,0x000070000b5e1000)]
  0x00007fbb6c800000 JavaThread "Finalizer" daemon [_thread_blocked, id=14595, stack(0x000070000b3de000,0x000070000b4de000)]
  0x00007fbb6b803000 JavaThread "Reference Handler" daemon [_thread_blocked, id=14083, stack(0x000070000b2db000,0x000070000b3db000)]
  0x00007fbb6b802000 JavaThread "main" [_thread_blocked, id=7171, stack(0x000070000a8bd000,0x000070000a9bd000)]

Other Threads:
  0x00007fbb6c007000 VMThread [stack: 0x000070000b1d8000,0x000070000b2d8000] [id=13571]
  0x00007fbb6a020000 WatcherThread [stack: 0x000070000baf3000,0x000070000bbf3000] [id=21763]

VM state:not at safepoint (normal execution)

VM Mutex/Monitor currently owned by a thread: None

Heap:
 PSYoungGen      total 76288K, used 39770K [0x000000076ab00000, 0x0000000770000000, 0x00000007c0000000)
  eden space 65536K, 60% used [0x000000076ab00000,0x000000076d1d6b18,0x000000076eb00000)
  from space 10752K, 0% used [0x000000076eb00000,0x000000076eb00000,0x000000076f580000)
  to   space 10752K, 0% used [0x000000076f580000,0x000000076f580000,0x0000000770000000)
 ParOldGen       total 122880K, used 9600K [0x00000006c0000000, 0x00000006c7800000, 0x000000076ab00000)
  object space 122880K, 7% used [0x00000006c0000000,0x00000006c09601f8,0x00000006c7800000)
 Metaspace       used 22853K, capacity 24100K, committed 24320K, reserved 1071104K
  class space    used 3200K, capacity 3475K, committed 3584K, reserved 1048576K

Card table byte_map: [0x0000000109562000,0x0000000109d63000] byte_map_base: 0x0000000105f62000

Marking Bits: (ParMarkBitMap*) 0x0000000108af0d30
 Begin Bits: [0x000000010a2b9000, 0x000000010e2b9000)
 End Bits:   [0x000000010e2b9000, 0x00000001122b9000)

Polling page: 0x0000000107080000

CodeCache: size=245760Kb used=11180Kb max_used=11191Kb free=234579Kb
 bounds [0x0000000116409000, 0x0000000116f09000, 0x0000000125409000]
 total_blobs=4294 nmethods=3507 adapters=699
 compilation: enabled

Compilation events (10 events):
Event: 30.948 Thread 0x00007fbb6c849000 3504       3       sun.java2d.pipe.RenderQueue::unlock (4 bytes)
Event: 30.949 Thread 0x00007fbb6c849000 nmethod 3504 0x0000000116ef9550 code [0x0000000116ef96e0, 0x0000000116ef9a48]
Event: 30.949 Thread 0x00007fbb6c849000 3505       3       sun.awt.SunToolkit::awtUnlock (7 bytes)
Event: 30.949 Thread 0x00007fbb6c849000 nmethod 3505 0x0000000116ef9bd0 code [0x0000000116ef9d40, 0x0000000116efa028]
Event: 31.053 Thread 0x00007fbb6c849000 3506       3       sun.java2d.pipe.RenderQueue::tryLock (4 bytes)
Event: 31.054 Thread 0x00007fbb6c849000 nmethod 3506 0x0000000116efa150 code [0x0000000116efa2e0, 0x0000000116efa648]
Event: 31.054 Thread 0x00007fbb6c849000 3507       3       sun.awt.SunToolkit::awtTryLock (7 bytes)
Event: 31.054 Thread 0x00007fbb6c849000 nmethod 3507 0x0000000116efa7d0 code [0x0000000116efa940, 0x0000000116efac28]
Event: 40.791 Thread 0x00007fbb6c848800 3508       4       java.lang.Class::forName (53 bytes)
Event: 40.792 Thread 0x00007fbb6c848800 nmethod 3508 0x0000000116efd9d0 code [0x0000000116efdb20, 0x0000000116efdbc8]

GC Heap History (4 events):
Event: 4.740 GC heap before
{Heap before GC invocations=1 (full 0):
 PSYoungGen      total 76288K, used 55293K [0x000000076ab00000, 0x0000000770000000, 0x00000007c0000000)
  eden space 65536K, 84% used [0x000000076ab00000,0x000000076e0ff6e0,0x000000076eb00000)
  from space 10752K, 0% used [0x000000076f580000,0x000000076f580000,0x0000000770000000)
  to   space 10752K, 0% used [0x000000076eb00000,0x000000076eb00000,0x000000076f580000)
 ParOldGen       total 175104K, used 0K [0x00000006c0000000, 0x00000006cab00000, 0x000000076ab00000)
  object space 175104K, 0% used [0x00000006c0000000,0x00000006c0000000,0x00000006cab00000)
 Metaspace       used 19988K, capacity 21154K, committed 21296K, reserved 1067008K
  class space    used 2943K, capacity 3184K, committed 3200K, reserved 1048576K
Event: 4.756 GC heap after
Heap after GC invocations=1 (full 0):
 PSYoungGen      total 76288K, used 10202K [0x000000076ab00000, 0x0000000770000000, 0x00000007c0000000)
  eden space 65536K, 0% used [0x000000076ab00000,0x000000076ab00000,0x000000076eb00000)
  from space 10752K, 94% used [0x000000076eb00000,0x000000076f4f6a78,0x000000076f580000)
  to   space 10752K, 0% used [0x000000076f580000,0x000000076f580000,0x0000000770000000)
 ParOldGen       total 175104K, used 88K [0x00000006c0000000, 0x00000006cab00000, 0x000000076ab00000)
  object space 175104K, 0% used [0x00000006c0000000,0x00000006c0016010,0x00000006cab00000)
 Metaspace       used 19988K, capacity 21154K, committed 21296K, reserved 1067008K
  class space    used 2943K, capacity 3184K, committed 3200K, reserved 1048576K
}
Event: 4.756 GC heap before
{Heap before GC invocations=2 (full 1):
 PSYoungGen      total 76288K, used 10202K [0x000000076ab00000, 0x0000000770000000, 0x00000007c0000000)
  eden space 65536K, 0% used [0x000000076ab00000,0x000000076ab00000,0x000000076eb00000)
  from space 10752K, 94% used [0x000000076eb00000,0x000000076f4f6a78,0x000000076f580000)
  to   space 10752K, 0% used [0x000000076f580000,0x000000076f580000,0x0000000770000000)
 ParOldGen       total 175104K, used 88K [0x00000006c0000000, 0x00000006cab00000, 0x000000076ab00000)
  object space 175104K, 0% used [0x00000006c0000000,0x00000006c0016010,0x00000006cab00000)
 Metaspace       used 19988K, capacity 21154K, committed 21296K, reserved 1067008K
  class space    used 2943K, capacity 3184K, committed 3200K, reserved 1048576K
Event: 4.796 GC heap after
Heap after GC invocations=2 (full 1):
 PSYoungGen      total 76288K, used 0K [0x000000076ab00000, 0x0000000770000000, 0x00000007c0000000)
  eden space 65536K, 0% used [0x000000076ab00000,0x000000076ab00000,0x000000076eb00000)
  from space 10752K, 0% used [0x000000076eb00000,0x000000076eb00000,0x000000076f580000)
  to   space 10752K, 0% used [0x000000076f580000,0x000000076f580000,0x0000000770000000)
 ParOldGen       total 122880K, used 9600K [0x00000006c0000000, 0x00000006c7800000, 0x000000076ab00000)
  object space 122880K, 7% used [0x00000006c0000000,0x00000006c09601f8,0x00000006c7800000)
 Metaspace       used 19988K, capacity 21154K, committed 21296K, reserved 1067008K
  class space    used 2943K, capacity 3184K, committed 3200K, reserved 1048576K
}

Deoptimization events (10 events):
Event: 18.075 Thread 0x00007fbb6c057800 Uncommon trap: reason=bimorphic action=maybe_recompile pc=0x0000000116aa4f08 method=java.lang.ThreadLocal.get()Ljava/lang/Object; @ 6
Event: 18.088 Thread 0x00007fbb6c057800 Uncommon trap: reason=bimorphic action=maybe_recompile pc=0x0000000116d1716c method=com.sun.javafx.event.EventHandlerManager.fixEventSource(Ljavafx/event/Event;Ljava/lang/Object;)Ljavafx/event/Event; @ 14
Event: 18.088 Thread 0x00007fbb6c057800 Uncommon trap: reason=bimorphic action=maybe_recompile pc=0x0000000116d1716c method=com.sun.javafx.event.EventHandlerManager.fixEventSource(Ljavafx/event/Event;Ljava/lang/Object;)Ljavafx/event/Event; @ 14
Event: 18.088 Thread 0x00007fbb6c057800 Uncommon trap: reason=bimorphic action=maybe_recompile pc=0x0000000116d1716c method=com.sun.javafx.event.EventHandlerManager.fixEventSource(Ljavafx/event/Event;Ljava/lang/Object;)Ljavafx/event/Event; @ 14
Event: 20.894 Thread 0x00007fbb6c057800 Uncommon trap: reason=unstable_if action=reinterpret pc=0x0000000116e1980c method=java.io.ObjectOutputStream.writeClassDesc(Ljava/io/ObjectStreamClass;Z)V @ 26
Event: 20.894 Thread 0x00007fbb6c057800 Uncommon trap: reason=unstable_if action=reinterpret pc=0x0000000116e0eb78 method=java.io.ObjectOutputStream.writeClassDesc(Ljava/io/ObjectStreamClass;Z)V @ 1
Event: 20.894 Thread 0x00007fbb6c057800 Uncommon trap: reason=unstable_if action=reinterpret pc=0x0000000116e01ecc method=java.io.ObjectOutputStream.defaultWriteFields(Ljava/lang/Object;Ljava/io/ObjectStreamClass;)V @ 43
Event: 20.894 Thread 0x00007fbb6c057800 Uncommon trap: reason=unstable_if action=reinterpret pc=0x0000000116e0f6ec method=java.io.ObjectOutputStream.writeClassDesc(Ljava/io/ObjectStreamClass;Z)V @ 26
Event: 20.894 Thread 0x00007fbb6c057800 Uncommon trap: reason=unstable_if action=reinterpret pc=0x0000000116e0bc7c method=java.io.ObjectOutputStream.defaultWriteFields(Ljava/lang/Object;Ljava/io/ObjectStreamClass;)V @ 53
Event: 20.924 Thread 0x00007fbb6c057800 Uncommon trap: reason=unstable_if action=reinterpret pc=0x0000000116d42464 method=com.sun.javafx.css.ParsedValueImpl.containsFontRelativeSize(Ljavafx/css/ParsedValue;Z)Z @ 56

Internal exceptions (10 events):
Event: 1.263 Thread 0x00007fbb6c057800 Implicit null exception at 0x0000000116673675 to 0x0000000116673871
Event: 1.267 Thread 0x00007fbb6c057800 Implicit null exception at 0x0000000116727d2f to 0x0000000116727d99
Event: 4.672 Thread 0x00007fbb6c057800 Exception <a 'java/io/FileNotFoundException'> (0x000000076df9fc70) thrown at [/Users/java_re/workspace/8-2-build-macosx-x86_64/jdk8u121/8372/hotspot/src/share/vm/prims/jni.cpp, line 709]
Event: 4.672 Thread 0x00007fbb6c057800 Exception <a 'java/io/FileNotFoundException'> (0x000000076dfa0b78) thrown at [/Users/java_re/workspace/8-2-build-macosx-x86_64/jdk8u121/8372/hotspot/src/share/vm/prims/jni.cpp, line 709]
Event: 4.930 Thread 0x00007fbb6c057800 Implicit null exception at 0x00000001168fb511 to 0x00000001168fbac1
Event: 18.039 Thread 0x00007fbb6c057800 Exception <a 'java/lang/NoSuchMethodError': <clinit>> (0x000000076c4e7b10) thrown at [/Users/java_re/workspace/8-2-build-macosx-x86_64/jdk8u121/8372/hotspot/src/share/vm/prims/jni.cpp, line 1613]
Event: 18.043 Thread 0x00007fbb6c057800 Exception <a 'java/lang/NoSuchMethodError': <clinit>> (0x000000076c500290) thrown at [/Users/java_re/workspace/8-2-build-macosx-x86_64/jdk8u121/8372/hotspot/src/share/vm/prims/jni.cpp, line 1613]
Event: 18.044 Thread 0x00007fbb6c057800 Exception <a 'java/lang/NoSuchMethodError': <clinit>> (0x000000076c513ec0) thrown at [/Users/java_re/workspace/8-2-build-macosx-x86_64/jdk8u121/8372/hotspot/src/share/vm/prims/jni.cpp, line 1613]
Event: 20.894 Thread 0x00007fbb6c057800 Implicit null exception at 0x0000000116e0e7d6 to 0x0000000116e0eb5d
Event: 20.894 Thread 0x00007fbb6c057800 Implicit null exception at 0x0000000116dffc06 to 0x0000000116e01e95

Events (10 events):
Event: 20.918 loading class com/sun/javafx/scene/control/skin/TabPaneSkin$TabHeaderSkin done
Event: 20.918 loading class com/sun/javafx/scene/control/skin/TabPaneSkin
Event: 20.918 loading class com/sun/javafx/scene/control/skin/TabPaneSkin done
Event: 20.924 Thread 0x00007fbb6c057800 Uncommon trap: trap_request=0xffffff65 fr.pc=0x0000000116d42464
Event: 20.924 Thread 0x00007fbb6c057800 DEOPT PACKING pc=0x0000000116d42464 sp=0x00007fff58c39f80
Event: 20.924 Thread 0x00007fbb6c057800 DEOPT UNPACKING pc=0x000000011640e229 sp=0x00007fff58c39f40 mode 2
Event: 21.912 Executing VM operation: RevokeBias
Event: 21.912 Executing VM operation: RevokeBias done
Event: 22.220 Executing VM operation: RevokeBias
Event: 22.220 Executing VM operation: RevokeBias done


Dynamic libraries:
0x000000002ce97000 	/System/Library/Frameworks/Cocoa.framework/Versions/A/Cocoa
0x000000002ce97000 	/System/Library/Frameworks/Security.framework/Versions/A/Security
0x000000002ce97000 	/System/Library/Frameworks/ApplicationServices.framework/Versions/A/ApplicationServices
0x000000002ce97000 	/usr/lib/libz.1.dylib
0x000000002ce97000 	/usr/lib/libSystem.B.dylib
0x000000002ce97000 	/usr/lib/libobjc.A.dylib
0x000000002ce97000 	/System/Library/Frameworks/CoreFoundation.framework/Versions/A/CoreFoundation
0x000000002ce97000 	/System/Library/Frameworks/Foundation.framework/Versions/C/Foundation
0x000000002ce97000 	/System/Library/Frameworks/AppKit.framework/Versions/C/AppKit
0x000000002ce97000 	/System/Library/Frameworks/CoreData.framework/Versions/A/CoreData
0x000000002ce97000 	/System/Library/PrivateFrameworks/RemoteViewServices.framework/Versions/A/RemoteViewServices
0x000000002ce97000 	/System/Library/PrivateFrameworks/UIFoundation.framework/Versions/A/UIFoundation
0x000000002ce97000 	/System/Library/PrivateFrameworks/DFRFoundation.framework/Versions/A/DFRFoundation
0x000000002ce97000 	/usr/lib/libenergytrace.dylib
0x000000002ce97000 	/System/Library/PrivateFrameworks/SkyLight.framework/Versions/A/SkyLight
0x000000002ce97000 	/System/Library/Frameworks/CoreGraphics.framework/Versions/A/CoreGraphics
0x000000002ce97000 	/usr/lib/libScreenReader.dylib
0x000000002ce97000 	/System/Library/Frameworks/Accelerate.framework/Versions/A/Accelerate
0x000000002ce97000 	/System/Library/Frameworks/IOSurface.framework/Versions/A/IOSurface
0x000000002ce97000 	/System/Library/Frameworks/AudioToolbox.framework/Versions/A/AudioToolbox
0x000000002ce97000 	/System/Library/Frameworks/AudioUnit.framework/Versions/A/AudioUnit
0x000000002ce97000 	/System/Library/PrivateFrameworks/DataDetectorsCore.framework/Versions/A/DataDetectorsCore
0x000000002ce97000 	/System/Library/PrivateFrameworks/DesktopServicesPriv.framework/Versions/A/DesktopServicesPriv
0x000000002ce97000 	/System/Library/Frameworks/Carbon.framework/Versions/A/Frameworks/HIToolbox.framework/Versions/A/HIToolbox
0x000000002ce97000 	/usr/lib/libicucore.A.dylib
0x000000002ce97000 	/System/Library/Frameworks/QuartzCore.framework/Versions/A/QuartzCore
0x000000002ce97000 	/System/Library/Frameworks/Carbon.framework/Versions/A/Frameworks/SpeechRecognition.framework/Versions/A/SpeechRecognition
0x000000002ce97000 	/usr/lib/libauto.dylib
0x000000002ce97000 	/usr/lib/libxml2.2.dylib
0x000000002ce97000 	/System/Library/PrivateFrameworks/CoreUI.framework/Versions/A/CoreUI
0x000000002ce97000 	/System/Library/Frameworks/CoreAudio.framework/Versions/A/CoreAudio
0x000000002ce97000 	/System/Library/Frameworks/DiskArbitration.framework/Versions/A/DiskArbitration
0x000000002ce97000 	/usr/lib/liblangid.dylib
0x000000002ce97000 	/System/Library/PrivateFrameworks/MultitouchSupport.framework/Versions/A/MultitouchSupport
0x000000002ce97000 	/System/Library/Frameworks/IOKit.framework/Versions/A/IOKit
0x000000002ce97000 	/usr/lib/libDiagnosticMessagesClient.dylib
0x000000002ce97000 	/System/Library/Frameworks/CoreServices.framework/Versions/A/CoreServices
0x000000002ce97000 	/System/Library/PrivateFrameworks/PerformanceAnalysis.framework/Versions/A/PerformanceAnalysis
0x000000002ce97000 	/System/Library/PrivateFrameworks/GenerationalStorage.framework/Versions/A/GenerationalStorage
0x000000002ce97000 	/System/Library/Frameworks/OpenGL.framework/Versions/A/OpenGL
0x000000002ce97000 	/System/Library/Frameworks/CoreImage.framework/Versions/A/CoreImage
0x000000002ce97000 	/System/Library/Frameworks/CoreText.framework/Versions/A/CoreText
0x000000002ce97000 	/System/Library/Frameworks/ImageIO.framework/Versions/A/ImageIO
0x000000002ce97000 	/System/Library/PrivateFrameworks/Backup.framework/Versions/A/Backup
0x000000002ce97000 	/usr/lib/libarchive.2.dylib
0x000000002ce97000 	/System/Library/Frameworks/CFNetwork.framework/Versions/A/CFNetwork
0x000000002ce97000 	/System/Library/Frameworks/SystemConfiguration.framework/Versions/A/SystemConfiguration
0x000000002ce97000 	/usr/lib/libCRFSuite.dylib
0x000000002ce97000 	/usr/lib/libc++.1.dylib
0x000000002ce97000 	/usr/lib/libc++abi.dylib
0x000000002ce97000 	/usr/lib/system/libcache.dylib
0x000000002ce97000 	/usr/lib/system/libcommonCrypto.dylib
0x000000002ce97000 	/usr/lib/system/libcompiler_rt.dylib
0x000000002ce97000 	/usr/lib/system/libcopyfile.dylib
0x000000002ce97000 	/usr/lib/system/libcorecrypto.dylib
0x000000002ce97000 	/usr/lib/system/libdispatch.dylib
0x000000002ce97000 	/usr/lib/system/libdyld.dylib
0x000000002ce97000 	/usr/lib/system/libkeymgr.dylib
0x000000002ce97000 	/usr/lib/system/liblaunch.dylib
0x000000002ce97000 	/usr/lib/system/libmacho.dylib
0x000000002ce97000 	/usr/lib/system/libquarantine.dylib
0x000000002ce97000 	/usr/lib/system/libremovefile.dylib
0x000000002ce97000 	/usr/lib/system/libsystem_asl.dylib
0x000000002ce97000 	/usr/lib/system/libsystem_blocks.dylib
0x000000002ce97000 	/usr/lib/system/libsystem_c.dylib
0x000000002ce97000 	/usr/lib/system/libsystem_configuration.dylib
0x000000002ce97000 	/usr/lib/system/libsystem_coreservices.dylib
0x000000002ce97000 	/usr/lib/system/libsystem_coretls.dylib
0x000000002ce97000 	/usr/lib/system/libsystem_dnssd.dylib
0x000000002ce97000 	/usr/lib/system/libsystem_info.dylib
0x000000002ce97000 	/usr/lib/system/libsystem_kernel.dylib
0x000000002ce97000 	/usr/lib/system/libsystem_m.dylib
0x000000002ce97000 	/usr/lib/system/libsystem_malloc.dylib
0x000000002ce97000 	/usr/lib/system/libsystem_network.dylib
0x000000002ce97000 	/usr/lib/system/libsystem_networkextension.dylib
0x000000002ce97000 	/usr/lib/system/libsystem_notify.dylib
0x000000002ce97000 	/usr/lib/system/libsystem_platform.dylib
0x000000002ce97000 	/usr/lib/system/libsystem_pthread.dylib
0x000000002ce97000 	/usr/lib/system/libsystem_sandbox.dylib
0x000000002ce97000 	/usr/lib/system/libsystem_secinit.dylib
0x000000002ce97000 	/usr/lib/system/libsystem_symptoms.dylib
0x000000002ce97000 	/usr/lib/system/libsystem_trace.dylib
0x000000002ce97000 	/usr/lib/system/libunwind.dylib
0x000000002ce97000 	/usr/lib/system/libxpc.dylib
0x000000002ce97000 	/usr/lib/libbsm.0.dylib
0x000000002ce97000 	/usr/lib/system/libkxld.dylib
0x000000002ce97000 	/usr/lib/libcoretls.dylib
0x000000002ce97000 	/usr/lib/libcoretls_cfhelpers.dylib
0x000000002ce97000 	/usr/lib/libOpenScriptingUtil.dylib
0x000000002ce97000 	/usr/lib/libpam.2.dylib
0x000000002ce97000 	/usr/lib/libsqlite3.dylib
0x000000002ce97000 	/usr/lib/libxar.1.dylib
0x000000002ce97000 	/usr/lib/libbz2.1.0.dylib
0x000000002ce97000 	/usr/lib/liblzma.5.dylib
0x000000002ce97000 	/usr/lib/libnetwork.dylib
0x000000002ce97000 	/usr/lib/libpcap.A.dylib
0x000000002ce97000 	/System/Library/Frameworks/CoreServices.framework/Versions/A/Frameworks/FSEvents.framework/Versions/A/FSEvents
0x000000002ce97000 	/System/Library/Frameworks/CoreServices.framework/Versions/A/Frameworks/CarbonCore.framework/Versions/A/CarbonCore
0x000000002ce97000 	/System/Library/Frameworks/CoreServices.framework/Versions/A/Frameworks/Metadata.framework/Versions/A/Metadata
0x000000002ce97000 	/System/Library/Frameworks/CoreServices.framework/Versions/A/Frameworks/OSServices.framework/Versions/A/OSServices
0x000000002ce97000 	/System/Library/Frameworks/CoreServices.framework/Versions/A/Frameworks/SearchKit.framework/Versions/A/SearchKit
0x000000002ce97000 	/System/Library/Frameworks/CoreServices.framework/Versions/A/Frameworks/AE.framework/Versions/A/AE
0x000000002ce97000 	/System/Library/Frameworks/CoreServices.framework/Versions/A/Frameworks/LaunchServices.framework/Versions/A/LaunchServices
0x000000002ce97000 	/System/Library/Frameworks/CoreServices.framework/Versions/A/Frameworks/DictionaryServices.framework/Versions/A/DictionaryServices
0x000000002ce97000 	/System/Library/Frameworks/CoreServices.framework/Versions/A/Frameworks/SharedFileList.framework/Versions/A/SharedFileList
0x000000002ce97000 	/System/Library/Frameworks/NetFS.framework/Versions/A/NetFS
0x000000002ce97000 	/System/Library/PrivateFrameworks/NetAuth.framework/Versions/A/NetAuth
0x000000002ce97000 	/System/Library/PrivateFrameworks/login.framework/Versions/A/Frameworks/loginsupport.framework/Versions/A/loginsupport
0x000000002ce97000 	/System/Library/PrivateFrameworks/TCC.framework/Versions/A/TCC
0x000000002ce97000 	/usr/lib/libmecabra.dylib
0x000000002ce97000 	/System/Library/Frameworks/ApplicationServices.framework/Versions/A/Frameworks/ATS.framework/Versions/A/ATS
0x000000002ce97000 	/System/Library/Frameworks/ApplicationServices.framework/Versions/A/Frameworks/ColorSync.framework/Versions/A/ColorSync
0x000000002ce97000 	/System/Library/Frameworks/ApplicationServices.framework/Versions/A/Frameworks/HIServices.framework/Versions/A/HIServices
0x000000002ce97000 	/System/Library/Frameworks/ApplicationServices.framework/Versions/A/Frameworks/LangAnalysis.framework/Versions/A/LangAnalysis
0x000000002ce97000 	/System/Library/Frameworks/ApplicationServices.framework/Versions/A/Frameworks/PrintCore.framework/Versions/A/PrintCore
0x000000002ce97000 	/System/Library/Frameworks/ApplicationServices.framework/Versions/A/Frameworks/QD.framework/Versions/A/QD
0x000000002ce97000 	/System/Library/Frameworks/ApplicationServices.framework/Versions/A/Frameworks/SpeechSynthesis.framework/Versions/A/SpeechSynthesis
0x000000002ce97000 	/System/Library/Frameworks/Accelerate.framework/Versions/A/Frameworks/vImage.framework/Versions/A/vImage
0x000000002ce97000 	/System/Library/Frameworks/Accelerate.framework/Versions/A/Frameworks/vecLib.framework/Versions/A/vecLib
0x000000002ce97000 	/System/Library/Frameworks/Accelerate.framework/Versions/A/Frameworks/vecLib.framework/Versions/A/libvDSP.dylib
0x000000002ce97000 	/System/Library/Frameworks/Accelerate.framework/Versions/A/Frameworks/vecLib.framework/Versions/A/libBNNS.dylib
0x000000002ce97000 	/System/Library/Frameworks/Accelerate.framework/Versions/A/Frameworks/vecLib.framework/Versions/A/libQuadrature.dylib
0x000000002ce97000 	/System/Library/Frameworks/Accelerate.framework/Versions/A/Frameworks/vecLib.framework/Versions/A/libvMisc.dylib
0x000000002ce97000 	/System/Library/Frameworks/Accelerate.framework/Versions/A/Frameworks/vecLib.framework/Versions/A/libLAPACK.dylib
0x000000002ce97000 	/System/Library/Frameworks/Accelerate.framework/Versions/A/Frameworks/vecLib.framework/Versions/A/libBLAS.dylib
0x000000002ce97000 	/System/Library/Frameworks/Accelerate.framework/Versions/A/Frameworks/vecLib.framework/Versions/A/libLinearAlgebra.dylib
0x000000002ce97000 	/System/Library/Frameworks/Accelerate.framework/Versions/A/Frameworks/vecLib.framework/Versions/A/libSparseBLAS.dylib
0x000000002ce97000 	/System/Library/Frameworks/ApplicationServices.framework/Versions/A/Frameworks/ATS.framework/Versions/A/Resources/libFontParser.dylib
0x000000002ce97000 	/System/Library/Frameworks/ApplicationServices.framework/Versions/A/Frameworks/ATS.framework/Versions/A/Resources/libFontRegistry.dylib
0x000000002ce97000 	/System/Library/Frameworks/ImageIO.framework/Versions/A/Resources/libJPEG.dylib
0x000000002ce97000 	/System/Library/Frameworks/ImageIO.framework/Versions/A/Resources/libTIFF.dylib
0x000000002ce97000 	/System/Library/Frameworks/ImageIO.framework/Versions/A/Resources/libPng.dylib
0x000000002ce97000 	/System/Library/Frameworks/ImageIO.framework/Versions/A/Resources/libGIF.dylib
0x000000002ce97000 	/System/Library/Frameworks/ImageIO.framework/Versions/A/Resources/libJP2.dylib
0x000000002ce97000 	/System/Library/Frameworks/ImageIO.framework/Versions/A/Resources/libRadiance.dylib
0x000000002ce97000 	/usr/lib/libcompression.dylib
0x000000002ce97000 	/System/Library/PrivateFrameworks/AppleJPEG.framework/Versions/A/AppleJPEG
0x000000002ce97000 	/usr/lib/libcups.2.dylib
0x000000002ce97000 	/System/Library/Frameworks/Kerberos.framework/Versions/A/Kerberos
0x000000002ce97000 	/System/Library/Frameworks/GSS.framework/Versions/A/GSS
0x000000002ce97000 	/usr/lib/libresolv.9.dylib
0x000000002ce97000 	/usr/lib/libiconv.2.dylib
0x000000002ce97000 	/System/Library/PrivateFrameworks/Heimdal.framework/Versions/A/Heimdal
0x000000002ce97000 	/usr/lib/libheimdal-asn1.dylib
0x000000002ce97000 	/System/Library/Frameworks/OpenDirectory.framework/Versions/A/OpenDirectory
0x000000002ce97000 	/System/Library/PrivateFrameworks/CommonAuth.framework/Versions/A/CommonAuth
0x000000002ce97000 	/System/Library/Frameworks/OpenDirectory.framework/Versions/A/Frameworks/CFOpenDirectory.framework/Versions/A/CFOpenDirectory
0x000000002ce97000 	/System/Library/Frameworks/SecurityFoundation.framework/Versions/A/SecurityFoundation
0x000000002ce97000 	/System/Library/PrivateFrameworks/LanguageModeling.framework/Versions/A/LanguageModeling
0x000000002ce97000 	/usr/lib/libmarisa.dylib
0x000000002ce97000 	/usr/lib/libChineseTokenizer.dylib
0x000000002ce97000 	/usr/lib/libcmph.dylib
0x000000002ce97000 	/System/Library/PrivateFrameworks/CoreEmoji.framework/Versions/A/CoreEmoji
0x000000002ce97000 	/System/Library/Frameworks/ServiceManagement.framework/Versions/A/ServiceManagement
0x000000002ce97000 	/usr/lib/libxslt.1.dylib
0x000000002ce97000 	/System/Library/Frameworks/Carbon.framework/Versions/A/Frameworks/Ink.framework/Versions/A/Ink
0x000000002ce97000 	/System/Library/PrivateFrameworks/TextureIO.framework/Versions/A/TextureIO
0x000000002ce97000 	/System/Library/Frameworks/Metal.framework/Versions/A/Metal
0x000000002ce97000 	/usr/lib/libate.dylib
0x000000002ce97000 	/System/Library/PrivateFrameworks/GPUCompiler.framework/libmetal_timestamp.dylib
0x000000002ce97000 	/System/Library/Frameworks/OpenGL.framework/Versions/A/Libraries/libCoreFSCache.dylib
0x000000002ce97000 	/System/Library/PrivateFrameworks/IOAccelerator.framework/Versions/A/IOAccelerator
0x000000002ce97000 	/System/Library/Frameworks/CoreVideo.framework/Versions/A/CoreVideo
0x000000002ce97000 	/usr/lib/libFosl_dynamic.dylib
0x000000002ce97000 	/System/Library/PrivateFrameworks/MetalPerformanceShaders.framework/Versions/A/MetalPerformanceShaders
0x000000002ce97000 	/System/Library/PrivateFrameworks/FaceCore.framework/Versions/A/FaceCore
0x000000002ce97000 	/System/Library/Frameworks/OpenCL.framework/Versions/A/OpenCL
0x000000002ce97000 	/System/Library/Frameworks/OpenGL.framework/Versions/A/Libraries/libGLU.dylib
0x000000002ce97000 	/System/Library/Frameworks/OpenGL.framework/Versions/A/Libraries/libGFXShared.dylib
0x000000002ce97000 	/System/Library/Frameworks/OpenGL.framework/Versions/A/Libraries/libGL.dylib
0x000000002ce97000 	/System/Library/Frameworks/OpenGL.framework/Versions/A/Libraries/libGLImage.dylib
0x000000002ce97000 	/System/Library/Frameworks/OpenGL.framework/Versions/A/Libraries/libCVMSPluginSupport.dylib
0x000000002ce97000 	/System/Library/Frameworks/OpenGL.framework/Versions/A/Libraries/libCoreVMClient.dylib
0x000000002ce97000 	/System/Library/PrivateFrameworks/CrashReporterSupport.framework/Versions/A/CrashReporterSupport
0x000000002ce97000 	/System/Library/PrivateFrameworks/Sharing.framework/Versions/A/Sharing
0x000000002ce97000 	/System/Library/PrivateFrameworks/IconServices.framework/Versions/A/IconServices
0x000000002ce97000 	/System/Library/PrivateFrameworks/ProtocolBuffer.framework/Versions/A/ProtocolBuffer
0x000000002ce97000 	/System/Library/PrivateFrameworks/Apple80211.framework/Versions/A/Apple80211
0x000000002ce97000 	/System/Library/Frameworks/CoreWLAN.framework/Versions/A/CoreWLAN
0x000000002ce97000 	/System/Library/PrivateFrameworks/CoreUtils.framework/Versions/A/CoreUtils
0x000000002ce97000 	/System/Library/Frameworks/IOBluetooth.framework/Versions/A/IOBluetooth
0x000000002ce97000 	/System/Library/PrivateFrameworks/CoreWiFi.framework/Versions/A/CoreWiFi
0x000000002ce97000 	/System/Library/Frameworks/CoreBluetooth.framework/Versions/A/CoreBluetooth
0x000000002ce97000 	/System/Library/Frameworks/CoreDisplay.framework/Versions/A/CoreDisplay
0x000000002ce97000 	/System/Library/PrivateFrameworks/IOPresentment.framework/Versions/A/IOPresentment
0x000000002ce97000 	/System/Library/PrivateFrameworks/DSExternalDisplay.framework/Versions/A/DSExternalDisplay
0x000000002ce97000 	/System/Library/PrivateFrameworks/DebugSymbols.framework/Versions/A/DebugSymbols
0x000000002ce97000 	/System/Library/PrivateFrameworks/CoreSymbolication.framework/Versions/A/CoreSymbolication
0x000000002ce97000 	/System/Library/PrivateFrameworks/Symbolication.framework/Versions/A/Symbolication
0x000000002ce97000 	/System/Library/PrivateFrameworks/AppleFSCompression.framework/Versions/A/AppleFSCompression
0x000000002ce97000 	/System/Library/PrivateFrameworks/SpeechRecognitionCore.framework/Versions/A/SpeechRecognitionCore
0x000000002ce97000 	/System/Library/PrivateFrameworks/ChunkingLibrary.framework/Versions/A/ChunkingLibrary
0x0000000108200000 	/Library/Java/JavaVirtualMachines/jdk1.8.0_121.jdk/Contents/Home/jre/lib/server/libjvm.dylib
0x000000002ce97000 	/usr/lib/libstdc++.6.dylib
0x000000010703d000 	/Library/Java/JavaVirtualMachines/jdk1.8.0_121.jdk/Contents/Home/jre/lib/libverify.dylib
0x000000010704b000 	/Library/Java/JavaVirtualMachines/jdk1.8.0_121.jdk/Contents/Home/jre/lib/libjava.dylib
0x000000010708a000 	/Library/Java/JavaVirtualMachines/jdk1.8.0_121.jdk/Contents/Home/jre/lib/libzip.dylib
0x00000001150ef000 	/System/Library/Frameworks/JavaVM.framework/Frameworks/JavaRuntimeSupport.framework/JavaRuntimeSupport
0x0000000115109000 	/System/Library/Frameworks/JavaVM.framework/Versions/A/Frameworks/JavaNativeFoundation.framework/Versions/A/JavaNativeFoundation
0x000000011511e000 	/System/Library/Frameworks/JavaVM.framework/Versions/A/JavaVM
0x000000002ce97000 	/System/Library/Frameworks/Carbon.framework/Versions/A/Carbon
0x000000011512b000 	/System/Library/PrivateFrameworks/JavaLaunching.framework/Versions/A/JavaLaunching
0x000000002ce97000 	/System/Library/Frameworks/Carbon.framework/Versions/A/Frameworks/CommonPanels.framework/Versions/A/CommonPanels
0x000000002ce97000 	/System/Library/Frameworks/Carbon.framework/Versions/A/Frameworks/Help.framework/Versions/A/Help
0x000000002ce97000 	/System/Library/Frameworks/Carbon.framework/Versions/A/Frameworks/ImageCapture.framework/Versions/A/ImageCapture
0x000000002ce97000 	/System/Library/Frameworks/Carbon.framework/Versions/A/Frameworks/OpenScripting.framework/Versions/A/OpenScripting
0x000000002ce97000 	/System/Library/Frameworks/Carbon.framework/Versions/A/Frameworks/Print.framework/Versions/A/Print
0x000000002ce97000 	/System/Library/Frameworks/Carbon.framework/Versions/A/Frameworks/SecurityHI.framework/Versions/A/SecurityHI
0x0000000115215000 	/Library/Java/JavaVirtualMachines/jdk1.8.0_121.jdk/Contents/Home/jre/lib/libprism_es2.dylib
0x000000011527a000 	/System/Library/Frameworks/OpenGL.framework/Resources/GLEngine.bundle/GLEngine
0x000000002ce97000 	/System/Library/Frameworks/OpenGL.framework/Versions/A/Libraries/libGLProgrammability.dylib
0x000000011545f000 	/System/Library/Extensions/AppleIntelHD5000GraphicsGLDriver.bundle/Contents/MacOS/AppleIntelHD5000GraphicsGLDriver
0x000000002ce97000 	/System/Library/PrivateFrameworks/GPUSupport.framework/Versions/A/Libraries/libGPUSupportMercury.dylib
0x0000000115bd2000 	/System/Library/Frameworks/OpenGL.framework/Resources//GLRendererFloat.bundle/GLRendererFloat
0x000000002ce97000 	/System/Library/Frameworks/OpenCL.framework/Versions/A/Libraries/libcldcpuengine.dylib
0x000000002ce97000 	/usr/lib/libcrypto.0.9.8.dylib
0x000000002ce97000 	/System/Library/PrivateFrameworks/TrustEvaluationAgent.framework/Versions/A/TrustEvaluationAgent
0x0000000116035000 	/Library/Java/JavaVirtualMachines/jdk1.8.0_121.jdk/Contents/Home/jre/lib/libglass.dylib
0x000000002ce97000 	/System/Library/PrivateFrameworks/CoreServicesInternal.framework/Versions/A/CoreServicesInternal
0x000000002ce97000 	/System/Library/CoreServices/RawCamera.bundle/Contents/MacOS/RawCamera
0x000000002ce97000 	/System/Library/Frameworks/Accelerate.framework/Versions/A/Frameworks/vImage.framework/Versions/A/Libraries/libCGInterfaces.dylib
0x000000002ce97000 	/System/Library/PrivateFrameworks/FamilyControls.framework/Versions/A/FamilyControls
0x000000002ce97000 	/System/Library/PrivateFrameworks/CommerceKit.framework/Versions/A/Frameworks/CommerceCore.framework/Versions/A/CommerceCore
0x000000002ce97000 	/System/Library/PrivateFrameworks/SystemAdministration.framework/Versions/A/SystemAdministration
0x000000002ce97000 	/System/Library/PrivateFrameworks/AppContainer.framework/Versions/A/AppContainer
0x000000002ce97000 	/System/Library/PrivateFrameworks/SecCodeWrapper.framework/Versions/A/SecCodeWrapper
0x000000002ce97000 	/System/Library/Frameworks/DirectoryService.framework/Versions/A/DirectoryService
0x000000002ce97000 	/System/Library/PrivateFrameworks/DiskImages.framework/Versions/A/DiskImages
0x000000002ce97000 	/System/Library/PrivateFrameworks/LoginUIKit.framework/Versions/A/Frameworks/LoginUICore.framework/Versions/A/LoginUICore
0x000000002ce97000 	/usr/lib/libCoreStorage.dylib
0x000000002ce97000 	/usr/lib/libcsfde.dylib
0x000000002ce97000 	/usr/lib/libodfde.dylib
0x000000002ce97000 	/System/Library/Frameworks/DiscRecording.framework/Versions/A/DiscRecording
0x000000002ce97000 	/usr/lib/libcurl.4.dylib
0x000000002ce97000 	/System/Library/PrivateFrameworks/MediaKit.framework/Versions/A/MediaKit
0x000000002ce97000 	/System/Library/PrivateFrameworks/ProtectedCloudStorage.framework/Versions/A/ProtectedCloudStorage
0x000000002ce97000 	/System/Library/PrivateFrameworks/EFILogin.framework/Versions/A/EFILogin
0x000000002ce97000 	/usr/lib/libutil.dylib
0x000000002ce97000 	/System/Library/Frameworks/LDAP.framework/Versions/A/LDAP
0x000000002ce97000 	/usr/lib/libsasl2.2.dylib
0x000000002ce97000 	/System/Library/PrivateFrameworks/CoreDaemon.framework/Versions/B/CoreDaemon
0x000000002ce97000 	/System/Library/PrivateFrameworks/AppleSRP.framework/Versions/A/AppleSRP
0x000000002ce97000 	/System/Library/PrivateFrameworks/APFS.framework/Versions/A/APFS
0x00000001161ca000 	/Library/Java/JavaVirtualMachines/jdk1.8.0_121.jdk/Contents/Home/jre/lib/libjavafx_font.dylib
0x000000002ce97000 	/System/Library/Frameworks/ApplicationServices.framework/Versions/A/Frameworks/ATS.framework/Versions/A/Resources/libTrueTypeScaler.dylib
0x000000012d820000 	/System/Library/Extensions/AppleIntelHD5000GraphicsMTLDriver.bundle/Contents/MacOS/AppleIntelHD5000GraphicsMTLDriver
0x000000002ce97000 	/System/Library/PrivateFrameworks/ViewBridge.framework/Versions/A/ViewBridge
0x000000002ce97000 	/System/Library/PrivateFrameworks/XPCService.framework/Versions/A/XPCService
0x000000002ce97000 	/System/Library/PrivateFrameworks/AppSandbox.framework/Versions/A/AppSandbox
0x000000002ce97000 	/usr/lib/libsandbox.1.dylib
0x000000002ce97000 	/usr/lib/libMatch.1.dylib
0x000000012d143000 	/Library/Java/JavaVirtualMachines/jdk1.8.0_121.jdk/Contents/Home/jre/lib/libprism_common.dylib
0x0000000130f4f000 	/Library/Java/JavaVirtualMachines/jdk1.8.0_121.jdk/Contents/Home/jre/lib/libawt.dylib
0x0000000130ff7000 	/Library/Java/JavaVirtualMachines/jdk1.8.0_121.jdk/Contents/Home/jre/lib/./libmlib_image.dylib
0x00000001310c3000 	/Library/Java/JavaVirtualMachines/jdk1.8.0_121.jdk/Contents/Home/jre/lib/libawt_lwawt.dylib
0x000000013048e000 	/Library/Java/JavaVirtualMachines/jdk1.8.0_121.jdk/Contents/Home/jre/lib/./libosxapp.dylib
0x000000002ce97000 	/System/Library/Frameworks/ExceptionHandling.framework/Versions/A/ExceptionHandling
0x00000001304aa000 	/Library/Java/JavaVirtualMachines/jdk1.8.0_121.jdk/Contents/Home/jre/lib/libnio.dylib
0x0000000130a58000 	/Library/Java/JavaVirtualMachines/jdk1.8.0_121.jdk/Contents/Home/jre/lib/./libnet.dylib
0x0000000130b41000 	/Library/Java/JavaVirtualMachines/jdk1.8.0_121.jdk/Contents/Home/jre/lib/libjpeg.dylib
0x00000001311f8000 	/Library/Java/JavaVirtualMachines/jdk1.8.0_121.jdk/Contents/Home/jre/lib/liblcms.dylib
0x000000002ce97000 	/System/Library/PrivateFrameworks/FinderKit.framework/Versions/A/FinderKit
0x000000002ce97000 	/System/Library/Frameworks/Quartz.framework/Versions/A/Frameworks/QuickLookUI.framework/Versions/A/QuickLookUI
0x000000002ce97000 	/System/Library/Frameworks/Quartz.framework/Versions/A/Frameworks/ImageKit.framework/Versions/A/ImageKit
0x000000002ce97000 	/System/Library/PrivateFrameworks/Bom.framework/Versions/A/Bom
0x000000002ce97000 	/System/Library/Frameworks/QuickLook.framework/Versions/A/QuickLook
0x000000002ce97000 	/System/Library/PrivateFrameworks/Suggestions.framework/Versions/A/Suggestions
0x000000002ce97000 	/System/Library/PrivateFrameworks/AppleSystemInfo.framework/Versions/A/AppleSystemInfo
0x000000002ce97000 	/System/Library/Frameworks/ImageCaptureCore.framework/Versions/A/ImageCaptureCore
0x000000002ce97000 	/System/Library/Frameworks/SafariServices.framework/Versions/A/SafariServices
0x000000002ce97000 	/System/Library/Frameworks/QTKit.framework/Versions/A/QTKit
0x000000002ce97000 	/System/Library/PrivateFrameworks/MobileKeyBag.framework/Versions/A/MobileKeyBag
0x000000002ce97000 	/System/Library/Frameworks/AVFoundation.framework/Versions/A/AVFoundation
0x000000002ce97000 	/System/Library/Frameworks/CoreMedia.framework/Versions/A/CoreMedia
0x000000002ce97000 	/System/Library/Frameworks/MediaToolbox.framework/Versions/A/MediaToolbox
0x000000002ce97000 	/System/Library/Frameworks/VideoToolbox.framework/Versions/A/VideoToolbox
0x000000002ce97000 	/System/Library/PrivateFrameworks/CoreMediaAuthoring.framework/Versions/A/CoreMediaAuthoring
0x000000002ce97000 	/System/Library/Frameworks/CoreMediaIO.framework/Versions/A/CoreMediaIO
0x000000002ce97000 	/System/Library/Frameworks/AVFoundation.framework/Versions/A/Frameworks/AVFAudio.framework/Versions/A/AVFAudio
0x000000002ce97000 	/System/Library/PrivateFrameworks/IntlPreferences.framework/Versions/A/IntlPreferences
0x000000002ce97000 	/usr/lib/libspindump.dylib
0x000000002ce97000 	/usr/lib/libdscsym.dylib
0x000000002ce97000 	/System/Library/PrivateFrameworks/CoreAVCHD.framework/Versions/A/CoreAVCHD
0x000000002ce97000 	/System/Library/Frameworks/MediaAccessibility.framework/Versions/A/MediaAccessibility
0x000000002ce97000 	/System/Library/PrivateFrameworks/Mangrove.framework/Versions/A/Mangrove
0x000000002ce97000 	/System/Library/PrivateFrameworks/CoreAUC.framework/Versions/A/CoreAUC
0x000000002ce97000 	/System/Library/PrivateFrameworks/AppleVA.framework/Versions/A/AppleVA
0x000000002ce97000 	/System/Library/PrivateFrameworks/QuickLookThumbnailing.framework/Versions/A/QuickLookThumbnailing
0x000000002ce97000 	/System/Library/PrivateFrameworks/DisplayServices.framework/Versions/A/DisplayServices
0x000000002ce97000 	/System/Library/Frameworks/Quartz.framework/Versions/A/Frameworks/PDFKit.framework/Versions/A/PDFKit
0x000000002ce97000 	/System/Library/Frameworks/Quartz.framework/Versions/A/Frameworks/QuartzComposer.framework/Versions/A/QuartzComposer
0x000000002ce97000 	/System/Library/Frameworks/Quartz.framework/Versions/A/Frameworks/QuartzFilters.framework/Versions/A/QuartzFilters
0x000000002ce97000 	/System/Library/PrivateFrameworks/CorePDF.framework/Versions/A/CorePDF
0x000000002ce97000 	/System/Library/Frameworks/JavaScriptCore.framework/Versions/A/JavaScriptCore
0x000000002ce97000 	/System/Library/Frameworks/AddressBook.framework/Versions/A/AddressBook
0x000000002ce97000 	/System/Library/PrivateFrameworks/ContactsPersistence.framework/Versions/A/ContactsPersistence
0x000000002ce97000 	/System/Library/PrivateFrameworks/CalendarAgentLink.framework/Versions/A/CalendarAgentLink
0x000000002ce97000 	/System/Library/PrivateFrameworks/ContactsFoundation.framework/Versions/A/ContactsFoundation
0x000000002ce97000 	/System/Library/PrivateFrameworks/vCard.framework/Versions/A/vCard
0x000000002ce97000 	/System/Library/PrivateFrameworks/ToneLibrary.framework/Versions/A/ToneLibrary
0x000000002ce97000 	/System/Library/PrivateFrameworks/ToneKit.framework/Versions/A/ToneKit
0x000000002ce97000 	/System/Library/PrivateFrameworks/ApplePushService.framework/Versions/A/ApplePushService
0x000000002ce97000 	/System/Library/Frameworks/SecurityInterface.framework/Versions/A/SecurityInterface
0x000000002ce97000 	/System/Library/PrivateFrameworks/PhoneNumbers.framework/Versions/A/PhoneNumbers
0x000000002ce97000 	/System/Library/Frameworks/Quartz.framework/Versions/A/Quartz
0x000000002ce97000 	/System/Library/Frameworks/Accounts.framework/Versions/A/Accounts
0x000000002ce97000 	/System/Library/PrivateFrameworks/OAuth.framework/Versions/A/OAuth
0x000000002ce97000 	/System/Library/PrivateFrameworks/CacheDelete.framework/Versions/A/CacheDelete
0x000000002ce97000 	/System/Library/PrivateFrameworks/CloudDocs.framework/Versions/A/CloudDocs
0x000000002ce97000 	/System/Library/Frameworks/CloudKit.framework/Versions/A/CloudKit
0x000000002ce97000 	/System/Library/PrivateFrameworks/MMCS.framework/Versions/A/MMCS
0x000000002ce97000 	/System/Library/Frameworks/CoreLocation.framework/Versions/A/CoreLocation
0x000000002ce97000 	/System/Library/PrivateFrameworks/AssetCacheServices.framework/Versions/A/AssetCacheServices
0x000000002ce97000 	/System/Library/PrivateFrameworks/GeoServices.framework/Versions/A/GeoServices
0x000000002ce97000 	/System/Library/PrivateFrameworks/PlugInKit.framework/Versions/A/PlugInKit
0x000000002ce97000 	/System/Library/PrivateFrameworks/NetFSServer.framework/Versions/A/NetFSServer
0x000000012c4b4000 	/System/Library/Frameworks/Security.framework/PlugIns/csparser.bundle/Contents/MacOS/csparser
0x000000013281b000 	/System/Library/PrivateFrameworks/CoreNLP.framework/Versions/A/CoreNLP

VM Arguments:
jvm_args: -Dfile.encoding=UTF-8 
java_command: neural.hand.writing.recognition.NeuralHandWritingRecognition
java_class_path (initial): /Users/mathew/NetBeansProjects/OHR/build/classes
Launcher Type: SUN_STANDARD

Environment Variables:
PATH=/usr/bin:/bin:/usr/sbin:/sbin
LD_LIBRARY_PATH=/Library/Java/JavaVirtualMachines/jdk1.8.0_121.jdk/Contents/Home/jre/lib/amd64:/Library/Java/JavaVirtualMachines/jdk1.8.0_121.jdk/Contents/Home/jre/lib/i386:
SHELL=/bin/bash
DISPLAY=/private/tmp/com.apple.launchd.rT2PMrlIGI/org.macosforge.xquartz:0

Signal Handlers:
SIGSEGV: [libjvm.dylib+0x5b1141], sa_mask[0]=11111111011111110111111111111111, sa_flags=SA_ONSTACK|SA_RESTART|SA_SIGINFO
SIGBUS: [libjvm.dylib+0x5b1141], sa_mask[0]=11111111011111110111111111111111, sa_flags=SA_RESTART|SA_SIGINFO
SIGFPE: [libjvm.dylib+0x487bc4], sa_mask[0]=11111111011111110111111111111111, sa_flags=SA_RESTART|SA_SIGINFO
SIGPIPE: [libjvm.dylib+0x487bc4], sa_mask[0]=11111111011111110111111111111111, sa_flags=SA_RESTART|SA_SIGINFO
SIGXFSZ: [libjvm.dylib+0x487bc4], sa_mask[0]=11111111011111110111111111111111, sa_flags=SA_RESTART|SA_SIGINFO
SIGILL: [libjvm.dylib+0x487bc4], sa_mask[0]=11111111011111110111111111111111, sa_flags=SA_RESTART|SA_SIGINFO
SIGUSR1: SIG_DFL, sa_mask[0]=00000000000000000000000000000000, sa_flags=none
SIGUSR2: [libjvm.dylib+0x4876e2], sa_mask[0]=00100000000000000000000000000000, sa_flags=SA_RESTART|SA_SIGINFO
SIGHUP: [libjvm.dylib+0x485cb9], sa_mask[0]=11111111011111110111111111111111, sa_flags=SA_RESTART|SA_SIGINFO
SIGINT: SIG_IGN, sa_mask[0]=00000000000000000000000000000000, sa_flags=none
SIGTERM: [libjvm.dylib+0x485cb9], sa_mask[0]=11111111011111110111111111111111, sa_flags=SA_RESTART|SA_SIGINFO
SIGQUIT: [libjvm.dylib+0x485cb9], sa_mask[0]=11111111011111110111111111111111, sa_flags=SA_RESTART|SA_SIGINFO


---------------  S Y S T E M  ---------------

OS:Bsduname:Darwin 16.7.0 Darwin Kernel Version 16.7.0: Thu Jun 15 17:36:27 PDT 2017; root:xnu-3789.70.16~2/RELEASE_X86_64 x86_64
rlimit: STACK 8192k, CORE 0k, NPROC 709, NOFILE 10240, AS infinity
load average:2.72 2.62 2.58

CPU:total 8 (4 cores per cpu, 2 threads per core) family 6 model 70 stepping 1, cmov, cx8, fxsr, mmx, sse, sse2, sse3, ssse3, sse4.1, sse4.2, popcnt, avx, avx2, aes, clmul, erms, rtm, lzcnt, ht, tsc, tscinvbit, bmi1, bmi2

Memory: 4k page, physical 16777216k(290580k free)

/proc/meminfo:


vm_info: Java HotSpot(TM) 64-Bit Server VM (25.121-b13) for bsd-amd64 JRE (1.8.0_121-b13), built on Dec 12 2016 20:39:32 by "java_re" with gcc 4.2.1 (Based on Apple Inc. build 5658) (LLVM build 2336.11.00)

time: Wed Jan  3 19:22:46 2018
elapsed time: 48 seconds (0d 0h 0m 48s)

