#
# A fatal error has been detected by the Java Runtime Environment:
#
#  SIGSEGV (0xb) at pc=0x00007fffb712a05d, pid=15805, tid=0x0000000000000307
#
# JRE version: Java(TM) SE Runtime Environment (8.0_121-b13) (build 1.8.0_121-b13)
# Java VM: Java HotSpot(TM) 64-Bit Server VM (25.121-b13 mixed mode bsd-amd64 compressed oops)
# Problematic frame:
# C  [libobjc.A.dylib+0x705d]  objc_msgSend+0x1d
#
# Failed to write core dump. Core dumps have been disabled. To enable core dumping, try "ulimit -c unlimited" before starting Java again
#
# If you would like to submit a bug report, please visit:
#   http://bugreport.java.com/bugreport/crash.jsp
# The crash happened outside the Java Virtual Machine in native code.
# See problematic frame for where to report the bug.
#

---------------  T H R E A D  ---------------

Current thread (0x00007fb9e10b8800):  JavaThread "JavaFX Application Thread" [_thread_in_native, id=775, stack(0x00007fff53109000,0x00007fff53909000)]

siginfo: si_signo: 11 (SIGSEGV), si_code: 1 (SEGV_MAPERR), si_addr: 0x0000000000000018

Registers:
RAX=0x00000000000000e0, RBX=0x00007fb9eb03b670, RCX=0x0000000000000000, RDX=0x00007fb9e1c766d0
RSP=0x00007fff539017e8, RBP=0x00007fff53901820, RSI=0x00007fffa09ad05a, RDI=0x00007fb9eb03b420
R8 =0x00000000000003ff, R9 =0x00007fb9eb03b670, R10=0x0000000000000000, R11=0x00007fffa09ad05a
R12=0xffff804614fc4990, R13=0x00007fffc0887388, R14=0x00007fffa09ad05a, R15=0x00007fffb712a040
RIP=0x00007fffb712a05d, EFLAGS=0x0000000000010246, ERR=0x0000000000000004
  TRAPNO=0x000000000000000e

Top of Stack: (sp=0x00007fff539017e8)
0x00007fff539017e8:   00007fffb4f18cf4 00007fff53901820
0x00007fff539017f8:   00007fffb7145292 0000000000000f00
0x00007fff53901808:   0000000000000001 00007fb9eb03b670
0x00007fff53901818:   00007fffc0886401 00007fff53901880
0x00007fff53901828:   00007fffb71322e7 00007fffc0887380
0x00007fff53901838:   00000001eb136aa0 ffff804614fc4990
0x00007fff53901848:   ffff804614fc4990 00007fb9e1c766d0
0x00007fff53901858:   00007fb9e1cc2010 00007fb9e1cc2000
0x00007fff53901868:   a3a3a3a3a3a3a3a3 00007fb9e9c8a708
0x00007fff53901878:   00007fb9e9c8a000 00007fff53901cd0
0x00007fff53901888:   00007fffb712d3bd 00007fff53901970
0x00007fff53901898:   00007fffb7ba0472 0000000000001400
0x00007fff539018a8:   00007fffa3c98897 00007fb9e083ba20
0x00007fff539018b8:   0000000000000002 00007fff53901950
0x00007fff539018c8:   00007fffb7bb74de 00007fff539018f0
0x00007fff539018d8:   0000000000000003 000000010c313000
0x00007fff539018e8:   00007fb9e8ffc080 00007fb9e8fe5fe0
0x00007fff539018f8:   00007fb9e8fe6000 0000000000000002
0x00007fff53901908:   0000000000000030 0000000000000020
0x00007fff53901918:   000000010c316a00 00007fb9e8f00000
0x00007fff53901928:   0000000000000000 000000010c316a00
0x00007fff53901938:   0000000000000002 000000010c313000
0x00007fff53901948:   00007fb9e8f00000 00007fff539019c0
0x00007fff53901958:   00007fffb7bb80d5 00007fffc0930000
0x00007fff53901968:   0000000000000030 000000010c313000
0x00007fff53901978:   00007fffb7ba1e2c 000000010c316a00
0x00007fff53901988:   00007fb9e8fe5fe0 00007fb9e8f00002
0x00007fff53901998:   00007fb9e0a30a40 00007fb9e0a30a68
0x00007fff539019a8:   0000000000000030 00007fb9e4fc0e70
0x00007fff539019b8:   0fffffffffffffff 00007fff53901a40
0x00007fff539019c8:   00007fffa2237da5 00007fb9e4fa7f00
0x00007fff539019d8:   00007fff53901a10 00007fb9e4fa7ef0 

Instructions: (pc=0x00007fffb712a05d)
0x00007fffb712a03d:   0f 1f 00 48 85 ff 2e 74 62 40 f6 c7 01 2e 75 66
0x00007fffb712a04d:   49 ba f8 ff ff ff ff 7f 00 00 4c 23 17 49 89 f3
0x00007fffb712a05d:   45 23 5a 18 49 c1 e3 04 4d 03 5a 10 49 3b 33 75
0x00007fffb712a06d:   04 41 ff 63 08 49 83 3b 01 76 0d 49 83 c3 10 49 

Register to memory mapping:

RAX=0x00000000000000e0 is an unknown value
RBX=0x00007fb9eb03b670 is an unknown value
RCX=0x0000000000000000 is an unknown value
RDX=0x00007fb9e1c766d0 is an unknown value
RSP=0x00007fff539017e8 is pointing into the stack for thread: 0x00007fb9e10b8800
RBP=0x00007fff53901820 is pointing into the stack for thread: 0x00007fb9e10b8800
RSI=0x00007fffa09ad05a: __NSStyleNameIndexTable+0x77ca2 in /System/Library/Frameworks/AppKit.framework/Versions/C/AppKit at 0x00007fff9fd48000
RDI=0x00007fb9eb03b420 is an unknown value
R8 =0x00000000000003ff is an unknown value
R9 =0x00007fb9eb03b670 is an unknown value
R10=0x0000000000000000 is an unknown value
R11=0x00007fffa09ad05a: __NSStyleNameIndexTable+0x77ca2 in /System/Library/Frameworks/AppKit.framework/Versions/C/AppKit at 0x00007fff9fd48000
R12=0xffff804614fc4990 is an unknown value
R13=0x00007fffc0887388: _ZN12_GLOBAL__N_1L12SideTableBufE+0xf08 in /usr/lib/libobjc.A.dylib at 0x00007fffb7123000
R14=0x00007fffa09ad05a: __NSStyleNameIndexTable+0x77ca2 in /System/Library/Frameworks/AppKit.framework/Versions/C/AppKit at 0x00007fff9fd48000
R15=0x00007fffb712a040: objc_msgSend+0 in /usr/lib/libobjc.A.dylib at 0x00007fffb7123000


Stack: [0x00007fff53109000,0x00007fff53909000],  sp=0x00007fff539017e8,  free space=8161k
Native frames: (J=compiled Java code, j=interpreted, Vv=VM code, C=native code)
C  [libobjc.A.dylib+0x705d]  objc_msgSend+0x1d
C  [libobjc.A.dylib+0xf2e7]  objc_object::sidetable_release(bool)+0x11d
C  [libobjc.A.dylib+0xa3bd]  (anonymous namespace)::AutoreleasePoolPage::pop(void*)+0x30d
C  [CoreFoundation+0x46026]  _CFAutoreleasePoolPop+0x16
C  [Foundation+0x16b57]  -[NSAutoreleasePool drain]+0x92
C  [libglass.dylib+0x714a]  Java_com_sun_glass_ui_mac_MacApplication__1enterNestedEventLoopImpl+0x5a
j  com.sun.glass.ui.mac.MacApplication._enterNestedEventLoopImpl()Ljava/lang/Object;+0
j  com.sun.glass.ui.mac.MacApplication._enterNestedEventLoop()Ljava/lang/Object;+15
j  com.sun.glass.ui.Application.enterNestedEventLoop()Ljava/lang/Object;+14
j  com.sun.glass.ui.EventLoop.enter()Ljava/lang/Object;+42
v  ~StubRoutines::call_stub
V  [libjvm.dylib+0x2ed9d6]  JavaCalls::call_helper(JavaValue*, methodHandle*, JavaCallArguments*, Thread*)+0x6ae
V  [libjvm.dylib+0x324b65]  jni_invoke_nonstatic(JNIEnv_*, JavaValue*, _jobject*, JNICallType, _jmethodID*, JNI_ArgumentPusher*, Thread*)+0x2ec
V  [libjvm.dylib+0x314c0f]  jni_CallObjectMethod+0x16b
C  [libglass.dylib+0x8b6b]  -[DialogDispatcher runModally]+0x20b
C  [Foundation+0x31b86]  -[NSObject(NSThreadPerformAdditions) performSelector:onThread:withObject:waitUntilDone:modes:]+0x446
C  [Foundation+0x316c2]  -[NSObject(NSThreadPerformAdditions) performSelectorOnMainThread:withObject:waitUntilDone:]+0x83
C  [libglass.dylib+0x9cba]  Java_com_sun_glass_ui_mac_MacCommonDialogs__1showFileOpenChooser+0x2da
j  com.sun.glass.ui.mac.MacCommonDialogs._showFileOpenChooser(JLjava/lang/String;Ljava/lang/String;Z[Lcom/sun/glass/ui/CommonDialogs$ExtensionFilter;I)Lcom/sun/glass/ui/CommonDialogs$FileChooserResult;+0
j  com.sun.glass.ui.mac.MacCommonDialogs.showFileChooser_impl(Lcom/sun/glass/ui/Window;Ljava/lang/String;Ljava/lang/String;Ljava/lang/String;IZ[Lcom/sun/glass/ui/CommonDialogs$ExtensionFilter;I)Lcom/sun/glass/ui/CommonDialogs$FileChooserResult;+29
j  com.sun.glass.ui.mac.MacApplication.staticCommonDialogs_showFileChooser(Lcom/sun/glass/ui/Window;Ljava/lang/String;Ljava/lang/String;Ljava/lang/String;IZ[Lcom/sun/glass/ui/CommonDialogs$ExtensionFilter;I)Lcom/sun/glass/ui/CommonDialogs$FileChooserResult;+13
j  com.sun.glass.ui.CommonDialogs.showFileChooser(Lcom/sun/glass/ui/Window;Ljava/io/File;Ljava/lang/String;Ljava/lang/String;IZLjava/util/List;I)Lcom/sun/glass/ui/CommonDialogs$FileChooserResult;+121
j  com.sun.javafx.tk.quantum.QuantumToolkit.showFileChooser(Lcom/sun/javafx/tk/TKStage;Ljava/lang/String;Ljava/io/File;Ljava/lang/String;Lcom/sun/javafx/tk/FileChooserType;Ljava/util/List;Ljavafx/stage/FileChooser$ExtensionFilter;)Lcom/sun/glass/ui/CommonDialogs$FileChooserResult;+72
j  javafx.stage.FileChooser.showDialog(Ljavafx/stage/Window;Lcom/sun/javafx/tk/FileChooserType;)Ljava/util/List;+36
j  javafx.stage.FileChooser.showOpenDialog(Ljavafx/stage/Window;)Ljava/io/File;+5
j  GUI.FilePicker.getFile(Ljavafx/stage/Stage;I)Ljava/io/File;+79
j  GUI.CropWindowController.open()V+32
v  ~StubRoutines::call_stub
V  [libjvm.dylib+0x2ed9d6]  JavaCalls::call_helper(JavaValue*, methodHandle*, JavaCallArguments*, Thread*)+0x6ae
V  [libjvm.dylib+0x4d26c4]  Reflection::invoke(instanceKlassHandle, methodHandle, Handle, bool, objArrayHandle, BasicType, objArrayHandle, bool, Thread*)+0xe12
V  [libjvm.dylib+0x4d2bf8]  Reflection::invoke_method(oopDesc*, Handle, objArrayHandle, Thread*)+0x16c
V  [libjvm.dylib+0x345db8]  JVM_InvokeMethod+0x166
j  sun.reflect.NativeMethodAccessorImpl.invoke0(Ljava/lang/reflect/Method;Ljava/lang/Object;[Ljava/lang/Object;)Ljava/lang/Object;+0
j  sun.reflect.NativeMethodAccessorImpl.invoke(Ljava/lang/Object;[Ljava/lang/Object;)Ljava/lang/Object;+100
J 1251 C1 sun.reflect.DelegatingMethodAccessorImpl.invoke(Ljava/lang/Object;[Ljava/lang/Object;)Ljava/lang/Object; (10 bytes) @ 0x000000011604ba4c [0x000000011604b940+0x10c]
J 1250 C1 java.lang.reflect.Method.invoke(Ljava/lang/Object;[Ljava/lang/Object;)Ljava/lang/Object; (62 bytes) @ 0x000000011604c4dc [0x000000011604c0e0+0x3fc]
j  sun.reflect.misc.Trampoline.invoke(Ljava/lang/reflect/Method;Ljava/lang/Object;[Ljava/lang/Object;)Ljava/lang/Object;+7
j  sun.reflect.GeneratedMethodAccessor1.invoke(Ljava/lang/Object;[Ljava/lang/Object;)Ljava/lang/Object;+40
J 1251 C1 sun.reflect.DelegatingMethodAccessorImpl.invoke(Ljava/lang/Object;[Ljava/lang/Object;)Ljava/lang/Object; (10 bytes) @ 0x000000011604ba4c [0x000000011604b940+0x10c]
J 1250 C1 java.lang.reflect.Method.invoke(Ljava/lang/Object;[Ljava/lang/Object;)Ljava/lang/Object; (62 bytes) @ 0x000000011604c4dc [0x000000011604c0e0+0x3fc]
j  sun.reflect.misc.MethodUtil.invoke(Ljava/lang/reflect/Method;Ljava/lang/Object;[Ljava/lang/Object;)Ljava/lang/Object;+20
j  javafx.fxml.FXMLLoader$MethodHandler.invoke([Ljava/lang/Object;)V+38
j  javafx.fxml.FXMLLoader$ControllerMethodEventHandler.handle(Ljavafx/event/Event;)V+12
J 3660 C2 com.sun.javafx.event.EventHandlerManager.dispatchBubblingEvent(Ljavafx/event/Event;)Ljavafx/event/Event; (23 bytes) @ 0x000000011676449c [0x0000000116763c60+0x83c]
J 3739 C2 com.sun.javafx.event.CompositeEventDispatcher.dispatchBubblingEvent(Ljavafx/event/Event;)Ljavafx/event/Event; (35 bytes) @ 0x000000011679224c [0x00000001167921e0+0x6c]
J 3221 C2 com.sun.javafx.event.BasicEventDispatcher.dispatchEvent(Ljavafx/event/Event;Ljavafx/event/EventDispatchChain;)Ljavafx/event/Event; (44 bytes) @ 0x00000001165ef2b0 [0x00000001165ef180+0x130]
J 3221 C2 com.sun.javafx.event.BasicEventDispatcher.dispatchEvent(Ljavafx/event/Event;Ljavafx/event/EventDispatchChain;)Ljavafx/event/Event; (44 bytes) @ 0x00000001165ef26c [0x00000001165ef180+0xec]
J 3221 C2 com.sun.javafx.event.BasicEventDispatcher.dispatchEvent(Ljavafx/event/Event;Ljavafx/event/EventDispatchChain;)Ljavafx/event/Event; (44 bytes) @ 0x00000001165ef26c [0x00000001165ef180+0xec]
J 4130 C2 com.sun.javafx.event.EventUtil.fireEvent(Ljavafx/event/EventTarget;Ljavafx/event/Event;)Ljavafx/event/Event; (81 bytes) @ 0x00000001164d25f0 [0x00000001164d22a0+0x350]
J 1866 C1 javafx.event.Event.fireEvent(Ljavafx/event/EventTarget;Ljavafx/event/Event;)V (35 bytes) @ 0x00000001161bef6c [0x00000001161beea0+0xcc]
j  javafx.scene.Node.fireEvent(Ljavafx/event/Event;)V+86
j  javafx.scene.control.Button.fire()V+15
j  com.sun.javafx.scene.control.behavior.ButtonBehavior.mouseReleased(Ljavafx/scene/input/MouseEvent;)V+23
J 3698 C1 com.sun.javafx.scene.control.skin.BehaviorSkinBase$1.handle(Ljavafx/scene/input/MouseEvent;)V (121 bytes) @ 0x000000011678313c [0x0000000116782d20+0x41c]
J 3697 C1 com.sun.javafx.scene.control.skin.BehaviorSkinBase$1.handle(Ljavafx/event/Event;)V (9 bytes) @ 0x000000011678292c [0x00000001167827c0+0x16c]
J 3660 C2 com.sun.javafx.event.EventHandlerManager.dispatchBubblingEvent(Ljavafx/event/Event;)Ljavafx/event/Event; (23 bytes) @ 0x0000000116763fe0 [0x0000000116763c60+0x380]
J 3739 C2 com.sun.javafx.event.CompositeEventDispatcher.dispatchBubblingEvent(Ljavafx/event/Event;)Ljavafx/event/Event; (35 bytes) @ 0x000000011679224c [0x00000001167921e0+0x6c]
J 3221 C2 com.sun.javafx.event.BasicEventDispatcher.dispatchEvent(Ljavafx/event/Event;Ljavafx/event/EventDispatchChain;)Ljavafx/event/Event; (44 bytes) @ 0x00000001165ef2b0 [0x00000001165ef180+0x130]
J 3221 C2 com.sun.javafx.event.BasicEventDispatcher.dispatchEvent(Ljavafx/event/Event;Ljavafx/event/EventDispatchChain;)Ljavafx/event/Event; (44 bytes) @ 0x00000001165ef26c [0x00000001165ef180+0xec]
J 3221 C2 com.sun.javafx.event.BasicEventDispatcher.dispatchEvent(Ljavafx/event/Event;Ljavafx/event/EventDispatchChain;)Ljavafx/event/Event; (44 bytes) @ 0x00000001165ef26c [0x00000001165ef180+0xec]
J 4144 C2 javafx.scene.Scene$MouseHandler.process(Ljavafx/scene/input/MouseEvent;Z)V (735 bytes) @ 0x000000011612f924 [0x000000011612ef60+0x9c4]
J 2986 C1 javafx.scene.Scene$ScenePeerListener.mouseEvent(Ljavafx/event/EventType;DDDDLjavafx/scene/input/MouseButton;ZZZZZZZZZ)V (50 bytes) @ 0x000000011651a9f4 [0x000000011651a720+0x2d4]
J 2981 C1 com.sun.javafx.tk.quantum.GlassViewEventHandler$MouseEventNotification.run()Ljava/lang/Void; (567 bytes) @ 0x000000011651cf1c [0x000000011651c140+0xddc]
J 2980 C1 com.sun.javafx.tk.quantum.GlassViewEventHandler$MouseEventNotification.run()Ljava/lang/Object; (5 bytes) @ 0x000000011651e08c [0x000000011651e000+0x8c]
v  ~StubRoutines::call_stub
V  [libjvm.dylib+0x2ed9d6]  JavaCalls::call_helper(JavaValue*, methodHandle*, JavaCallArguments*, Thread*)+0x6ae
V  [libjvm.dylib+0x34e114]  JVM_DoPrivileged+0x4b8
J 1472  java.security.AccessController.doPrivileged(Ljava/security/PrivilegedAction;Ljava/security/AccessControlContext;)Ljava/lang/Object; (0 bytes) @ 0x00000001160d6b15 [0x00000001160d6a40+0xd5]
J 2978 C1 com.sun.javafx.tk.quantum.GlassViewEventHandler$$Lambda$264.get()Ljava/lang/Object; (8 bytes) @ 0x000000011651ed64 [0x000000011651eb80+0x1e4]
J 3538 C2 com.sun.javafx.tk.quantum.QuantumToolkit.runWithoutRenderLock(Ljava/util/function/Supplier;)Ljava/lang/Object; (49 bytes) @ 0x00000001166f1060 [0x00000001166f1000+0x60]
J 2617 C1 com.sun.javafx.tk.quantum.GlassViewEventHandler.handleMouseEvent(Lcom/sun/glass/ui/View;JIIIIIIIZZ)V (108 bytes) @ 0x00000001163ff864 [0x00000001163ff440+0x424]
J 2615 C1 com.sun.glass.ui.View.notifyMouse(IIIIIIIZZ)V (221 bytes) @ 0x00000001163fd804 [0x00000001163fc7a0+0x1064]
v  ~StubRoutines::call_stub
V  [libjvm.dylib+0x2ed9d6]  JavaCalls::call_helper(JavaValue*, methodHandle*, JavaCallArguments*, Thread*)+0x6ae
V  [libjvm.dylib+0x324b65]  jni_invoke_nonstatic(JNIEnv_*, JavaValue*, _jobject*, JNICallType, _jmethodID*, JNI_ArgumentPusher*, Thread*)+0x2ec
V  [libjvm.dylib+0x317333]  jni_CallVoidMethod+0x16b
C  [libglass.dylib+0x2055c]  -[GlassViewDelegate sendJavaMouseEvent:]+0x86c
C  [AppKit+0x93c8de]  -[NSWindow(NSEventRouting) _reallySendEvent:isDelayedEvent:]+0x608
C  [AppKit+0x93bf0a]  -[NSWindow(NSEventRouting) sendEvent:]+0x21d
C  [libglass.dylib+0x25dc4]  -[GlassWindow_Panel sendEvent:]+0x74
C  [AppKit+0x7c0681]  -[NSApplication(NSEvent) sendEvent:]+0x479
C  [AppKit+0x3b427]  -[NSApplication run]+0x3ea
C  [libglass.dylib+0x651c]  -[GlassApplication runLoop:]+0x72c
C  [Foundation+0x7152a]  __NSThreadPerformPerform+0x146
C  [CoreFoundation+0xa7321]  __CFRUNLOOP_IS_CALLING_OUT_TO_A_SOURCE0_PERFORM_FUNCTION__+0x11
C  [CoreFoundation+0x8821d]  __CFRunLoopDoSources0+0x22d
C  [CoreFoundation+0x87716]  __CFRunLoopRun+0x3a6
C  [CoreFoundation+0x87114]  CFRunLoopRunSpecific+0x1a4
C  [java+0x6465]  CreateExecutionEnvironment+0x367
C  [java+0x218c]  JLI_Launch+0x7a0
C  [java+0x84c2]  main+0x65
C  [java+0x19e4]  start+0x34
C  0x0000000000000005

Java frames: (J=compiled Java code, j=interpreted, Vv=VM code)
j  com.sun.glass.ui.mac.MacApplication._enterNestedEventLoopImpl()Ljava/lang/Object;+0
j  com.sun.glass.ui.mac.MacApplication._enterNestedEventLoop()Ljava/lang/Object;+15
j  com.sun.glass.ui.Application.enterNestedEventLoop()Ljava/lang/Object;+14
j  com.sun.glass.ui.EventLoop.enter()Ljava/lang/Object;+42
v  ~StubRoutines::call_stub
j  com.sun.glass.ui.mac.MacCommonDialogs._showFileOpenChooser(JLjava/lang/String;Ljava/lang/String;Z[Lcom/sun/glass/ui/CommonDialogs$ExtensionFilter;I)Lcom/sun/glass/ui/CommonDialogs$FileChooserResult;+0
j  com.sun.glass.ui.mac.MacCommonDialogs.showFileChooser_impl(Lcom/sun/glass/ui/Window;Ljava/lang/String;Ljava/lang/String;Ljava/lang/String;IZ[Lcom/sun/glass/ui/CommonDialogs$ExtensionFilter;I)Lcom/sun/glass/ui/CommonDialogs$FileChooserResult;+29
j  com.sun.glass.ui.mac.MacApplication.staticCommonDialogs_showFileChooser(Lcom/sun/glass/ui/Window;Ljava/lang/String;Ljava/lang/String;Ljava/lang/String;IZ[Lcom/sun/glass/ui/CommonDialogs$ExtensionFilter;I)Lcom/sun/glass/ui/CommonDialogs$FileChooserResult;+13
j  com.sun.glass.ui.CommonDialogs.showFileChooser(Lcom/sun/glass/ui/Window;Ljava/io/File;Ljava/lang/String;Ljava/lang/String;IZLjava/util/List;I)Lcom/sun/glass/ui/CommonDialogs$FileChooserResult;+121
j  com.sun.javafx.tk.quantum.QuantumToolkit.showFileChooser(Lcom/sun/javafx/tk/TKStage;Ljava/lang/String;Ljava/io/File;Ljava/lang/String;Lcom/sun/javafx/tk/FileChooserType;Ljava/util/List;Ljavafx/stage/FileChooser$ExtensionFilter;)Lcom/sun/glass/ui/CommonDialogs$FileChooserResult;+72
j  javafx.stage.FileChooser.showDialog(Ljavafx/stage/Window;Lcom/sun/javafx/tk/FileChooserType;)Ljava/util/List;+36
j  javafx.stage.FileChooser.showOpenDialog(Ljavafx/stage/Window;)Ljava/io/File;+5
j  GUI.FilePicker.getFile(Ljavafx/stage/Stage;I)Ljava/io/File;+79
j  GUI.CropWindowController.open()V+32
v  ~StubRoutines::call_stub
j  sun.reflect.NativeMethodAccessorImpl.invoke0(Ljava/lang/reflect/Method;Ljava/lang/Object;[Ljava/lang/Object;)Ljava/lang/Object;+0
j  sun.reflect.NativeMethodAccessorImpl.invoke(Ljava/lang/Object;[Ljava/lang/Object;)Ljava/lang/Object;+100
J 1251 C1 sun.reflect.DelegatingMethodAccessorImpl.invoke(Ljava/lang/Object;[Ljava/lang/Object;)Ljava/lang/Object; (10 bytes) @ 0x000000011604ba4c [0x000000011604b940+0x10c]
J 1250 C1 java.lang.reflect.Method.invoke(Ljava/lang/Object;[Ljava/lang/Object;)Ljava/lang/Object; (62 bytes) @ 0x000000011604c4dc [0x000000011604c0e0+0x3fc]
j  sun.reflect.misc.Trampoline.invoke(Ljava/lang/reflect/Method;Ljava/lang/Object;[Ljava/lang/Object;)Ljava/lang/Object;+7
j  sun.reflect.GeneratedMethodAccessor1.invoke(Ljava/lang/Object;[Ljava/lang/Object;)Ljava/lang/Object;+40
J 1251 C1 sun.reflect.DelegatingMethodAccessorImpl.invoke(Ljava/lang/Object;[Ljava/lang/Object;)Ljava/lang/Object; (10 bytes) @ 0x000000011604ba4c [0x000000011604b940+0x10c]
J 1250 C1 java.lang.reflect.Method.invoke(Ljava/lang/Object;[Ljava/lang/Object;)Ljava/lang/Object; (62 bytes) @ 0x000000011604c4dc [0x000000011604c0e0+0x3fc]
j  sun.reflect.misc.MethodUtil.invoke(Ljava/lang/reflect/Method;Ljava/lang/Object;[Ljava/lang/Object;)Ljava/lang/Object;+20
j  javafx.fxml.FXMLLoader$MethodHandler.invoke([Ljava/lang/Object;)V+38
j  javafx.fxml.FXMLLoader$ControllerMethodEventHandler.handle(Ljavafx/event/Event;)V+12
J 3660 C2 com.sun.javafx.event.EventHandlerManager.dispatchBubblingEvent(Ljavafx/event/Event;)Ljavafx/event/Event; (23 bytes) @ 0x000000011676449c [0x0000000116763c60+0x83c]
J 3739 C2 com.sun.javafx.event.CompositeEventDispatcher.dispatchBubblingEvent(Ljavafx/event/Event;)Ljavafx/event/Event; (35 bytes) @ 0x000000011679224c [0x00000001167921e0+0x6c]
J 3221 C2 com.sun.javafx.event.BasicEventDispatcher.dispatchEvent(Ljavafx/event/Event;Ljavafx/event/EventDispatchChain;)Ljavafx/event/Event; (44 bytes) @ 0x00000001165ef2b0 [0x00000001165ef180+0x130]
J 3221 C2 com.sun.javafx.event.BasicEventDispatcher.dispatchEvent(Ljavafx/event/Event;Ljavafx/event/EventDispatchChain;)Ljavafx/event/Event; (44 bytes) @ 0x00000001165ef26c [0x00000001165ef180+0xec]
J 3221 C2 com.sun.javafx.event.BasicEventDispatcher.dispatchEvent(Ljavafx/event/Event;Ljavafx/event/EventDispatchChain;)Ljavafx/event/Event; (44 bytes) @ 0x00000001165ef26c [0x00000001165ef180+0xec]
J 4130 C2 com.sun.javafx.event.EventUtil.fireEvent(Ljavafx/event/EventTarget;Ljavafx/event/Event;)Ljavafx/event/Event; (81 bytes) @ 0x00000001164d25f0 [0x00000001164d22a0+0x350]
J 1866 C1 javafx.event.Event.fireEvent(Ljavafx/event/EventTarget;Ljavafx/event/Event;)V (35 bytes) @ 0x00000001161bef6c [0x00000001161beea0+0xcc]
j  javafx.scene.Node.fireEvent(Ljavafx/event/Event;)V+86
j  javafx.scene.control.Button.fire()V+15
j  com.sun.javafx.scene.control.behavior.ButtonBehavior.mouseReleased(Ljavafx/scene/input/MouseEvent;)V+23
J 3698 C1 com.sun.javafx.scene.control.skin.BehaviorSkinBase$1.handle(Ljavafx/scene/input/MouseEvent;)V (121 bytes) @ 0x000000011678313c [0x0000000116782d20+0x41c]
J 3697 C1 com.sun.javafx.scene.control.skin.BehaviorSkinBase$1.handle(Ljavafx/event/Event;)V (9 bytes) @ 0x000000011678292c [0x00000001167827c0+0x16c]
J 3660 C2 com.sun.javafx.event.EventHandlerManager.dispatchBubblingEvent(Ljavafx/event/Event;)Ljavafx/event/Event; (23 bytes) @ 0x0000000116763fe0 [0x0000000116763c60+0x380]
J 3739 C2 com.sun.javafx.event.CompositeEventDispatcher.dispatchBubblingEvent(Ljavafx/event/Event;)Ljavafx/event/Event; (35 bytes) @ 0x000000011679224c [0x00000001167921e0+0x6c]
J 3221 C2 com.sun.javafx.event.BasicEventDispatcher.dispatchEvent(Ljavafx/event/Event;Ljavafx/event/EventDispatchChain;)Ljavafx/event/Event; (44 bytes) @ 0x00000001165ef2b0 [0x00000001165ef180+0x130]
J 3221 C2 com.sun.javafx.event.BasicEventDispatcher.dispatchEvent(Ljavafx/event/Event;Ljavafx/event/EventDispatchChain;)Ljavafx/event/Event; (44 bytes) @ 0x00000001165ef26c [0x00000001165ef180+0xec]
J 3221 C2 com.sun.javafx.event.BasicEventDispatcher.dispatchEvent(Ljavafx/event/Event;Ljavafx/event/EventDispatchChain;)Ljavafx/event/Event; (44 bytes) @ 0x00000001165ef26c [0x00000001165ef180+0xec]
J 4144 C2 javafx.scene.Scene$MouseHandler.process(Ljavafx/scene/input/MouseEvent;Z)V (735 bytes) @ 0x000000011612f924 [0x000000011612ef60+0x9c4]
J 2986 C1 javafx.scene.Scene$ScenePeerListener.mouseEvent(Ljavafx/event/EventType;DDDDLjavafx/scene/input/MouseButton;ZZZZZZZZZ)V (50 bytes) @ 0x000000011651a9f4 [0x000000011651a720+0x2d4]
J 2981 C1 com.sun.javafx.tk.quantum.GlassViewEventHandler$MouseEventNotification.run()Ljava/lang/Void; (567 bytes) @ 0x000000011651cf1c [0x000000011651c140+0xddc]
J 2980 C1 com.sun.javafx.tk.quantum.GlassViewEventHandler$MouseEventNotification.run()Ljava/lang/Object; (5 bytes) @ 0x000000011651e08c [0x000000011651e000+0x8c]
v  ~StubRoutines::call_stub
J 1472  java.security.AccessController.doPrivileged(Ljava/security/PrivilegedAction;Ljava/security/AccessControlContext;)Ljava/lang/Object; (0 bytes) @ 0x00000001160d6aa3 [0x00000001160d6a40+0x63]
J 2978 C1 com.sun.javafx.tk.quantum.GlassViewEventHandler$$Lambda$264.get()Ljava/lang/Object; (8 bytes) @ 0x000000011651ed64 [0x000000011651eb80+0x1e4]
J 3538 C2 com.sun.javafx.tk.quantum.QuantumToolkit.runWithoutRenderLock(Ljava/util/function/Supplier;)Ljava/lang/Object; (49 bytes) @ 0x00000001166f1060 [0x00000001166f1000+0x60]
J 2617 C1 com.sun.javafx.tk.quantum.GlassViewEventHandler.handleMouseEvent(Lcom/sun/glass/ui/View;JIIIIIIIZZ)V (108 bytes) @ 0x00000001163ff864 [0x00000001163ff440+0x424]
J 2615 C1 com.sun.glass.ui.View.notifyMouse(IIIIIIIZZ)V (221 bytes) @ 0x00000001163fd804 [0x00000001163fc7a0+0x1064]
v  ~StubRoutines::call_stub

---------------  P R O C E S S  ---------------

Java Threads: ( => current thread )
  0x00007fb9dec7c800 JavaThread "Thread-6" [_thread_in_Java, id=70151, stack(0x0000700005265000,0x0000700005365000)]
  0x00007fb9df2ff800 JavaThread "Java2D Queue Flusher" daemon [_thread_blocked, id=53371, stack(0x0000700004fd9000,0x00007000050d9000)]
  0x00007fb9de986000 JavaThread "Java2D Disposer" daemon [_thread_blocked, id=56875, stack(0x0000700003376000,0x0000700003476000)]
  0x00007fb9de9c1800 JavaThread "Prism Font Disposer" daemon [_thread_blocked, id=56395, stack(0x0000700004c47000,0x0000700004d47000)]
  0x00007fb9e0000800 JavaThread "Thread-4" daemon [_thread_in_native, id=39939, stack(0x0000700004b41000,0x0000700004bc1000)]
=>0x00007fb9e10b8800 JavaThread "JavaFX Application Thread" [_thread_in_native, id=775, stack(0x00007fff53109000,0x00007fff53909000)]
  0x00007fb9de8db000 JavaThread "Thread-2" daemon [_thread_blocked, id=28171, stack(0x0000700004a3e000,0x0000700004b3e000)]
  0x00007fb9e10af800 JavaThread "QuantumRenderer-0" daemon [_thread_blocked, id=22787, stack(0x000070000493b000,0x0000700004a3b000)]
  0x00007fb9e194e000 JavaThread "JavaFX-Launcher" [_thread_blocked, id=22275, stack(0x0000700004838000,0x0000700004938000)]
  0x00007fb9de82f800 JavaThread "Service Thread" daemon [_thread_blocked, id=21251, stack(0x0000700004632000,0x0000700004732000)]
  0x00007fb9e1826000 JavaThread "C1 CompilerThread3" daemon [_thread_blocked, id=20739, stack(0x000070000452f000,0x000070000462f000)]
  0x00007fb9e1825800 JavaThread "C2 CompilerThread2" daemon [_thread_blocked, id=20227, stack(0x000070000442c000,0x000070000452c000)]
  0x00007fb9e1824800 JavaThread "C2 CompilerThread1" daemon [_thread_blocked, id=19715, stack(0x0000700004329000,0x0000700004429000)]
  0x00007fb9e1004800 JavaThread "C2 CompilerThread0" daemon [_thread_blocked, id=19203, stack(0x0000700004226000,0x0000700004326000)]
  0x00007fb9e1002800 JavaThread "Signal Dispatcher" daemon [_thread_blocked, id=18691, stack(0x0000700004123000,0x0000700004223000)]
  0x00007fb9de810800 JavaThread "Finalizer" daemon [_thread_blocked, id=14595, stack(0x0000700004020000,0x0000700004120000)]
  0x00007fb9de80e000 JavaThread "Reference Handler" daemon [_thread_blocked, id=14083, stack(0x0000700003f1d000,0x000070000401d000)]
  0x00007fb9e1802800 JavaThread "main" [_thread_blocked, id=7171, stack(0x00007000034ff000,0x00007000035ff000)]

Other Threads:
  0x00007fb9e1814000 VMThread [stack: 0x0000700003e1a000,0x0000700003f1a000] [id=13571]
  0x00007fb9de823800 WatcherThread [stack: 0x0000700004735000,0x0000700004835000] [id=21763]

VM state:not at safepoint (normal execution)

VM Mutex/Monitor currently owned by a thread: None

Heap:
 PSYoungGen      total 76288K, used 51830K [0x000000076ab00000, 0x0000000770000000, 0x00000007c0000000)
  eden space 65536K, 70% used [0x000000076ab00000,0x000000076d820ef0,0x000000076eb00000)
  from space 10752K, 52% used [0x000000076f580000,0x000000076fafca78,0x0000000770000000)
  to   space 10752K, 0% used [0x000000076eb00000,0x000000076eb00000,0x000000076f580000)
 ParOldGen       total 75776K, used 9715K [0x00000006c0000000, 0x00000006c4a00000, 0x000000076ab00000)
  object space 75776K, 12% used [0x00000006c0000000,0x00000006c097cc78,0x00000006c4a00000)
 Metaspace       used 23274K, capacity 24604K, committed 24832K, reserved 1071104K
  class space    used 3238K, capacity 3507K, committed 3584K, reserved 1048576K

Card table byte_map: [0x000000010e762000,0x000000010ef63000] byte_map_base: 0x000000010b162000

Marking Bits: (ParMarkBitMap*) 0x000000010dcf0d30
 Begin Bits: [0x0000000124c14000, 0x0000000128c14000)
 End Bits:   [0x0000000128c14000, 0x000000012cc14000)

Polling page: 0x000000010c3b7000

CodeCache: size=245760Kb used=11797Kb max_used=12210Kb free=233962Kb
 bounds [0x0000000115c14000, 0x0000000116844000, 0x0000000124c14000]
 total_blobs=4473 nmethods=3686 adapters=698
 compilation: enabled

Compilation events (10 events):
Event: 343.038 Thread 0x00007fb9e1826000 4214       3       javafx.scene.Scene::getFocusOwner (11 bytes)
Event: 343.038 Thread 0x00007fb9e1826000 nmethod 4214 0x0000000115d7f850 code [0x0000000115d7f9e0, 0x0000000115d7fe28]
Event: 343.045 Thread 0x00007fb9e1826000 4216       3       javafx.scene.layout.CornerRadii::<init> (313 bytes)
Event: 343.046 Thread 0x00007fb9e1826000 nmethod 4216 0x00000001163ab110 code [0x00000001163ab2e0, 0x00000001163ac038]
Event: 344.684 Thread 0x00007fb9e1826000 4217       3       com.sun.javafx.event.EventRedirector::dispatchCapturingEvent (52 bytes)
Event: 344.685 Thread 0x00007fb9e1826000 nmethod 4217 0x00000001161be050 code [0x00000001161be200, 0x00000001161be888]
Event: 344.925 Thread 0x00007fb9e1004800 4218       4       java.util.concurrent.CopyOnWriteArrayList::isEmpty (13 bytes)
Event: 344.925 Thread 0x00007fb9e1004800 nmethod 4218 0x0000000115f0e090 code [0x0000000115f0e1e0, 0x0000000115f0e258]
Event: 345.021 Thread 0x00007fb9e1824800 4219       4       com.sun.glass.ui.View::notifyMouse (221 bytes)
Event: 345.035 Thread 0x00007fb9e1824800 nmethod 4219 0x0000000116054710 code [0x0000000116054980, 0x00000001160555f8]

GC Heap History (10 events):
Event: 9.981 GC heap before
{Heap before GC invocations=1 (full 0):
 PSYoungGen      total 76288K, used 55291K [0x000000076ab00000, 0x0000000770000000, 0x00000007c0000000)
  eden space 65536K, 84% used [0x000000076ab00000,0x000000076e0fefd8,0x000000076eb00000)
  from space 10752K, 0% used [0x000000076f580000,0x000000076f580000,0x0000000770000000)
  to   space 10752K, 0% used [0x000000076eb00000,0x000000076eb00000,0x000000076f580000)
 ParOldGen       total 175104K, used 0K [0x00000006c0000000, 0x00000006cab00000, 0x000000076ab00000)
  object space 175104K, 0% used [0x00000006c0000000,0x00000006c0000000,0x00000006cab00000)
 Metaspace       used 20103K, capacity 21234K, committed 21296K, reserved 1067008K
  class space    used 2942K, capacity 3184K, committed 3200K, reserved 1048576K
Event: 9.988 GC heap after
Heap after GC invocations=1 (full 0):
 PSYoungGen      total 76288K, used 10286K [0x000000076ab00000, 0x0000000770000000, 0x00000007c0000000)
  eden space 65536K, 0% used [0x000000076ab00000,0x000000076ab00000,0x000000076eb00000)
  from space 10752K, 95% used [0x000000076eb00000,0x000000076f50b9b0,0x000000076f580000)
  to   space 10752K, 0% used [0x000000076f580000,0x000000076f580000,0x0000000770000000)
 ParOldGen       total 175104K, used 88K [0x00000006c0000000, 0x00000006cab00000, 0x000000076ab00000)
  object space 175104K, 0% used [0x00000006c0000000,0x00000006c0016010,0x00000006cab00000)
 Metaspace       used 20103K, capacity 21234K, committed 21296K, reserved 1067008K
  class space    used 2942K, capacity 3184K, committed 3200K, reserved 1048576K
}
Event: 9.988 GC heap before
{Heap before GC invocations=2 (full 1):
 PSYoungGen      total 76288K, used 10286K [0x000000076ab00000, 0x0000000770000000, 0x00000007c0000000)
  eden space 65536K, 0% used [0x000000076ab00000,0x000000076ab00000,0x000000076eb00000)
  from space 10752K, 95% used [0x000000076eb00000,0x000000076f50b9b0,0x000000076f580000)
  to   space 10752K, 0% used [0x000000076f580000,0x000000076f580000,0x0000000770000000)
 ParOldGen       total 175104K, used 88K [0x00000006c0000000, 0x00000006cab00000, 0x000000076ab00000)
  object space 175104K, 0% used [0x00000006c0000000,0x00000006c0016010,0x00000006cab00000)
 Metaspace       used 20103K, capacity 21234K, committed 21296K, reserved 1067008K
  class space    used 2942K, capacity 3184K, committed 3200K, reserved 1048576K
Event: 10.013 GC heap after
Heap after GC invocations=2 (full 1):
 PSYoungGen      total 76288K, used 0K [0x000000076ab00000, 0x0000000770000000, 0x00000007c0000000)
  eden space 65536K, 0% used [0x000000076ab00000,0x000000076ab00000,0x000000076eb00000)
  from space 10752K, 0% used [0x000000076eb00000,0x000000076eb00000,0x000000076f580000)
  to   space 10752K, 0% used [0x000000076f580000,0x000000076f580000,0x0000000770000000)
 ParOldGen       total 75776K, used 9691K [0x00000006c0000000, 0x00000006c4a00000, 0x000000076ab00000)
  object space 75776K, 12% used [0x00000006c0000000,0x00000006c0976c78,0x00000006c4a00000)
 Metaspace       used 20103K, capacity 21234K, committed 21296K, reserved 1067008K
  class space    used 2942K, capacity 3184K, committed 3200K, reserved 1048576K
}
Event: 113.197 GC heap before
{Heap before GC invocations=3 (full 1):
 PSYoungGen      total 76288K, used 65536K [0x000000076ab00000, 0x0000000770000000, 0x00000007c0000000)
  eden space 65536K, 100% used [0x000000076ab00000,0x000000076eb00000,0x000000076eb00000)
  from space 10752K, 0% used [0x000000076eb00000,0x000000076eb00000,0x000000076f580000)
  to   space 10752K, 0% used [0x000000076f580000,0x000000076f580000,0x0000000770000000)
 ParOldGen       total 75776K, used 9691K [0x00000006c0000000, 0x00000006c4a00000, 0x000000076ab00000)
  object space 75776K, 12% used [0x00000006c0000000,0x00000006c0976c78,0x00000006c4a00000)
 Metaspace       used 23049K, capacity 24374K, committed 24576K, reserved 1071104K
  class space    used 3213K, capacity 3474K, committed 3584K, reserved 1048576K
Event: 113.201 GC heap after
Heap after GC invocations=3 (full 1):
 PSYoungGen      total 76288K, used 5026K [0x000000076ab00000, 0x0000000770000000, 0x00000007c0000000)
  eden space 65536K, 0% used [0x000000076ab00000,0x000000076ab00000,0x000000076eb00000)
  from space 10752K, 46% used [0x000000076f580000,0x000000076fa68bb0,0x0000000770000000)
  to   space 10752K, 0% used [0x000000076eb00000,0x000000076eb00000,0x000000076f580000)
 ParOldGen       total 75776K, used 9699K [0x00000006c0000000, 0x00000006c4a00000, 0x000000076ab00000)
  object space 75776K, 12% used [0x00000006c0000000,0x00000006c0978c78,0x00000006c4a00000)
 Metaspace       used 23049K, capacity 24374K, committed 24576K, reserved 1071104K
  class space    used 3213K, capacity 3474K, committed 3584K, reserved 1048576K
}
Event: 114.085 GC heap before
{Heap before GC invocations=4 (full 1):
 PSYoungGen      total 76288K, used 70562K [0x000000076ab00000, 0x0000000770000000, 0x00000007c0000000)
  eden space 65536K, 100% used [0x000000076ab00000,0x000000076eb00000,0x000000076eb00000)
  from space 10752K, 46% used [0x000000076f580000,0x000000076fa68bb0,0x0000000770000000)
  to   space 10752K, 0% used [0x000000076eb00000,0x000000076eb00000,0x000000076f580000)
 ParOldGen       total 75776K, used 9699K [0x00000006c0000000, 0x00000006c4a00000, 0x000000076ab00000)
  object space 75776K, 12% used [0x00000006c0000000,0x00000006c0978c78,0x00000006c4a00000)
 Metaspace       used 23068K, capacity 24374K, committed 24576K, reserved 1071104K
  class space    used 3213K, capacity 3474K, committed 3584K, reserved 1048576K
Event: 114.087 GC heap after
Heap after GC invocations=4 (full 1):
 PSYoungGen      total 76288K, used 5026K [0x000000076ab00000, 0x0000000770000000, 0x00000007c0000000)
  eden space 65536K, 0% used [0x000000076ab00000,0x000000076ab00000,0x000000076eb00000)
  from space 10752K, 46% used [0x000000076eb00000,0x000000076efe8bb0,0x000000076f580000)
  to   space 10752K, 0% used [0x000000076f580000,0x000000076f580000,0x0000000770000000)
 ParOldGen       total 75776K, used 9707K [0x00000006c0000000, 0x00000006c4a00000, 0x000000076ab00000)
  object space 75776K, 12% used [0x00000006c0000000,0x00000006c097ac78,0x00000006c4a00000)
 Metaspace       used 23068K, capacity 24374K, committed 24576K, reserved 1071104K
  class space    used 3213K, capacity 3474K, committed 3584K, reserved 1048576K
}
Event: 332.487 GC heap before
{Heap before GC invocations=5 (full 1):
 PSYoungGen      total 76288K, used 70562K [0x000000076ab00000, 0x0000000770000000, 0x00000007c0000000)
  eden space 65536K, 100% used [0x000000076ab00000,0x000000076eb00000,0x000000076eb00000)
  from space 10752K, 46% used [0x000000076eb00000,0x000000076efe8bb0,0x000000076f580000)
  to   space 10752K, 0% used [0x000000076f580000,0x000000076f580000,0x0000000770000000)
 ParOldGen       total 75776K, used 9707K [0x00000006c0000000, 0x00000006c4a00000, 0x000000076ab00000)
  object space 75776K, 12% used [0x00000006c0000000,0x00000006c097ac78,0x00000006c4a00000)
 Metaspace       used 23266K, capacity 24540K, committed 24832K, reserved 1071104K
  class space    used 3238K, capacity 3507K, committed 3584K, reserved 1048576K
Event: 332.489 GC heap after
Heap after GC invocations=5 (full 1):
 PSYoungGen      total 76288K, used 5618K [0x000000076ab00000, 0x0000000770000000, 0x00000007c0000000)
  eden space 65536K, 0% used [0x000000076ab00000,0x000000076ab00000,0x000000076eb00000)
  from space 10752K, 52% used [0x000000076f580000,0x000000076fafca78,0x0000000770000000)
  to   space 10752K, 0% used [0x000000076eb00000,0x000000076eb00000,0x000000076f580000)
 ParOldGen       total 75776K, used 9715K [0x00000006c0000000, 0x00000006c4a00000, 0x000000076ab00000)
  object space 75776K, 12% used [0x00000006c0000000,0x00000006c097cc78,0x00000006c4a00000)
 Metaspace       used 23266K, capacity 24540K, committed 24832K, reserved 1071104K
  class space    used 3238K, capacity 3507K, committed 3584K, reserved 1048576K
}

Deoptimization events (10 events):
Event: 13.774 Thread 0x00007fb9e10b8800 Uncommon trap: reason=unstable_if action=reinterpret pc=0x00000001161ab484 method=javafx.scene.CssStyleHelper.lookup(Ljavafx/css/Styleable;Ljavafx/css/CssMetaData;Lcom/sun/javafx/css/StyleMap;Ljava/util/Set;Ljavafx/css/Styleable;Lcom/sun/javafx/css/Calcul
Event: 13.781 Thread 0x00007fb9e10b8800 Uncommon trap: reason=unstable_if action=reinterpret pc=0x000000011643611c method=com.sun.javafx.css.ParsedValueImpl.containsFontRelativeSize(Ljavafx/css/ParsedValue;Z)Z @ 193
Event: 13.804 Thread 0x00007fb9e10b8800 Uncommon trap: reason=class_check action=maybe_recompile pc=0x0000000116524944 method=javafx.scene.CssStyleHelper.transitionToState(Ljavafx/scene/Node;)V @ 519
Event: 13.822 Thread 0x00007fb9e10af800 Uncommon trap: reason=unstable_if action=reinterpret pc=0x00000001164d2900 method=com.sun.prism.impl.BaseGraphics.validateTransformAndPaint()V @ 20
Event: 104.973 Thread 0x00007fb9e10b8800 Uncommon trap: reason=class_check action=maybe_recompile pc=0x0000000116524944 method=javafx.scene.CssStyleHelper.transitionToState(Ljavafx/scene/Node;)V @ 519
Event: 255.198 Thread 0x00007fb9e10b8800 Uncommon trap: reason=unstable_if action=reinterpret pc=0x000000011641cc28 method=javafx.scene.Node.impl_intersectsBounds(Lcom/sun/javafx/geom/PickRay;)D @ 902
Event: 329.529 Thread 0x00007fb9e10b8800 Uncommon trap: reason=bimorphic action=maybe_recompile pc=0x000000011643624c method=com.sun.javafx.event.EventRedirector.redirectEvent(Ljavafx/event/Event;)V @ 13
Event: 329.529 Thread 0x00007fb9e10b8800 Uncommon trap: reason=unstable_if action=reinterpret pc=0x0000000116436080 method=com.sun.javafx.event.EventRedirector.dispatchCapturingEvent(Ljavafx/event/Event;)Ljavafx/event/Event; @ 9
Event: 329.529 Thread 0x00007fb9e10b8800 Uncommon trap: reason=unstable_if action=reinterpret pc=0x00000001165f14cc method=com.sun.javafx.event.CompositeEventDispatcher.dispatchCapturingEvent(Ljavafx/event/Event;)Ljavafx/event/Event; @ 19
Event: 329.529 Thread 0x00007fb9e10b8800 Uncommon trap: reason=unstable_if action=reinterpret pc=0x00000001165ef358 method=com.sun.javafx.event.BasicEventDispatcher.dispatchEvent(Ljavafx/event/Event;Ljavafx/event/EventDispatchChain;)Ljavafx/event/Event; @ 10

Internal exceptions (10 events):
Event: 0.668 Thread 0x00007fb9e10b8800 Exception <a 'java/lang/ArrayIndexOutOfBoundsException'> (0x000000076c160330) thrown at [/Users/java_re/workspace/8-2-build-macosx-x86_64/jdk8u121/8372/hotspot/src/share/vm/runtime/sharedRuntime.cpp, line 605]
Event: 0.700 Thread 0x00007fb9e10b8800 Exception <a 'java/lang/ArrayIndexOutOfBoundsException'> (0x000000076c28bb18) thrown at [/Users/java_re/workspace/8-2-build-macosx-x86_64/jdk8u121/8372/hotspot/src/share/vm/runtime/sharedRuntime.cpp, line 605]
Event: 0.739 Thread 0x00007fb9e10b8800 Exception <a 'java/io/FileNotFoundException'> (0x000000076c3d8c10) thrown at [/Users/java_re/workspace/8-2-build-macosx-x86_64/jdk8u121/8372/hotspot/src/share/vm/prims/jni.cpp, line 709]
Event: 0.970 Thread 0x00007fb9e10b8800 Implicit null exception at 0x0000000115e73f75 to 0x0000000115e74171
Event: 0.973 Thread 0x00007fb9e10b8800 Implicit null exception at 0x0000000115f3386f to 0x0000000115f338d9
Event: 9.931 Thread 0x00007fb9e10b8800 Implicit null exception at 0x00000001161ee926 to 0x00000001161ee9e5
Event: 9.936 Thread 0x00007fb9e10b8800 Exception <a 'java/io/FileNotFoundException'> (0x000000076e036e40) thrown at [/Users/java_re/workspace/8-2-build-macosx-x86_64/jdk8u121/8372/hotspot/src/share/vm/prims/jni.cpp, line 709]
Event: 9.936 Thread 0x00007fb9e10b8800 Exception <a 'java/io/FileNotFoundException'> (0x000000076e037d48) thrown at [/Users/java_re/workspace/8-2-build-macosx-x86_64/jdk8u121/8372/hotspot/src/share/vm/prims/jni.cpp, line 709]
Event: 9.944 Thread 0x00007fb9e10b8800 Implicit null exception at 0x00000001161eedf5 to 0x00000001161eee79
Event: 10.088 Thread 0x00007fb9e10b8800 Implicit null exception at 0x00000001160f0f91 to 0x00000001160f153d

Events (10 events):
Event: 335.897 Thread 0x00007fb9e1824800 flushing nmethod 0x00000001166ec7d0
Event: 337.022 Thread 0x00007fb9e1826000 flushing nmethod 0x00000001167c6ad0
Event: 337.022 Thread 0x00007fb9e1826000 flushing nmethod 0x00000001167c8a90
Event: 337.022 Thread 0x00007fb9e1826000 flushing nmethod 0x00000001167cbb90
Event: 337.022 Thread 0x00007fb9e1826000 flushing nmethod 0x00000001167d0550
Event: 337.022 Thread 0x00007fb9e1826000 flushing nmethod 0x00000001167d31d0
Event: 337.022 Thread 0x00007fb9e1826000 flushing nmethod 0x00000001167d6f90
Event: 337.022 Thread 0x00007fb9e1826000 flushing nmethod 0x00000001167d8950
Event: 337.022 Thread 0x00007fb9e1826000 flushing nmethod 0x00000001167dbc90
Event: 337.022 Thread 0x00007fb9e1826000 flushing nmethod 0x00000001167dc8d0


Dynamic libraries:
0x000000002ce97000 	/System/Library/Frameworks/Cocoa.framework/Versions/A/Cocoa
0x000000002ce97000 	/System/Library/Frameworks/Security.framework/Versions/A/Security
0x000000002ce97000 	/System/Library/Frameworks/ApplicationServices.framework/Versions/A/ApplicationServices
0x000000002ce97000 	/usr/lib/libz.1.dylib
0x000000002ce97000 	/usr/lib/libSystem.B.dylib
0x000000002ce97000 	/usr/lib/libobjc.A.dylib
0x000000002ce97000 	/System/Library/Frameworks/CoreFoundation.framework/Versions/A/CoreFoundation
0x000000002ce97000 	/System/Library/Frameworks/Foundation.framework/Versions/C/Foundation
0x000000002ce97000 	/System/Library/Frameworks/AppKit.framework/Versions/C/AppKit
0x000000002ce97000 	/System/Library/Frameworks/CoreData.framework/Versions/A/CoreData
0x000000002ce97000 	/System/Library/PrivateFrameworks/RemoteViewServices.framework/Versions/A/RemoteViewServices
0x000000002ce97000 	/System/Library/PrivateFrameworks/UIFoundation.framework/Versions/A/UIFoundation
0x000000002ce97000 	/System/Library/PrivateFrameworks/DFRFoundation.framework/Versions/A/DFRFoundation
0x000000002ce97000 	/usr/lib/libenergytrace.dylib
0x000000002ce97000 	/System/Library/PrivateFrameworks/SkyLight.framework/Versions/A/SkyLight
0x000000002ce97000 	/System/Library/Frameworks/CoreGraphics.framework/Versions/A/CoreGraphics
0x000000002ce97000 	/usr/lib/libScreenReader.dylib
0x000000002ce97000 	/System/Library/Frameworks/Accelerate.framework/Versions/A/Accelerate
0x000000002ce97000 	/System/Library/Frameworks/IOSurface.framework/Versions/A/IOSurface
0x000000002ce97000 	/System/Library/Frameworks/AudioToolbox.framework/Versions/A/AudioToolbox
0x000000002ce97000 	/System/Library/Frameworks/AudioUnit.framework/Versions/A/AudioUnit
0x000000002ce97000 	/System/Library/PrivateFrameworks/DataDetectorsCore.framework/Versions/A/DataDetectorsCore
0x000000002ce97000 	/System/Library/PrivateFrameworks/DesktopServicesPriv.framework/Versions/A/DesktopServicesPriv
0x000000002ce97000 	/System/Library/Frameworks/Carbon.framework/Versions/A/Frameworks/HIToolbox.framework/Versions/A/HIToolbox
0x000000002ce97000 	/usr/lib/libicucore.A.dylib
0x000000002ce97000 	/System/Library/Frameworks/QuartzCore.framework/Versions/A/QuartzCore
0x000000002ce97000 	/System/Library/Frameworks/Carbon.framework/Versions/A/Frameworks/SpeechRecognition.framework/Versions/A/SpeechRecognition
0x000000002ce97000 	/usr/lib/libauto.dylib
0x000000002ce97000 	/usr/lib/libxml2.2.dylib
0x000000002ce97000 	/System/Library/PrivateFrameworks/CoreUI.framework/Versions/A/CoreUI
0x000000002ce97000 	/System/Library/Frameworks/CoreAudio.framework/Versions/A/CoreAudio
0x000000002ce97000 	/System/Library/Frameworks/DiskArbitration.framework/Versions/A/DiskArbitration
0x000000002ce97000 	/usr/lib/liblangid.dylib
0x000000002ce97000 	/System/Library/PrivateFrameworks/MultitouchSupport.framework/Versions/A/MultitouchSupport
0x000000002ce97000 	/System/Library/Frameworks/IOKit.framework/Versions/A/IOKit
0x000000002ce97000 	/usr/lib/libDiagnosticMessagesClient.dylib
0x000000002ce97000 	/System/Library/Frameworks/CoreServices.framework/Versions/A/CoreServices
0x000000002ce97000 	/System/Library/PrivateFrameworks/PerformanceAnalysis.framework/Versions/A/PerformanceAnalysis
0x000000002ce97000 	/System/Library/PrivateFrameworks/GenerationalStorage.framework/Versions/A/GenerationalStorage
0x000000002ce97000 	/System/Library/Frameworks/OpenGL.framework/Versions/A/OpenGL
0x000000002ce97000 	/System/Library/Frameworks/CoreImage.framework/Versions/A/CoreImage
0x000000002ce97000 	/System/Library/Frameworks/CoreText.framework/Versions/A/CoreText
0x000000002ce97000 	/System/Library/Frameworks/ImageIO.framework/Versions/A/ImageIO
0x000000002ce97000 	/System/Library/PrivateFrameworks/Backup.framework/Versions/A/Backup
0x000000002ce97000 	/usr/lib/libarchive.2.dylib
0x000000002ce97000 	/System/Library/Frameworks/CFNetwork.framework/Versions/A/CFNetwork
0x000000002ce97000 	/System/Library/Frameworks/SystemConfiguration.framework/Versions/A/SystemConfiguration
0x000000002ce97000 	/usr/lib/libCRFSuite.dylib
0x000000002ce97000 	/usr/lib/libc++.1.dylib
0x000000002ce97000 	/usr/lib/libc++abi.dylib
0x000000002ce97000 	/usr/lib/system/libcache.dylib
0x000000002ce97000 	/usr/lib/system/libcommonCrypto.dylib
0x000000002ce97000 	/usr/lib/system/libcompiler_rt.dylib
0x000000002ce97000 	/usr/lib/system/libcopyfile.dylib
0x000000002ce97000 	/usr/lib/system/libcorecrypto.dylib
0x000000002ce97000 	/usr/lib/system/libdispatch.dylib
0x000000002ce97000 	/usr/lib/system/libdyld.dylib
0x000000002ce97000 	/usr/lib/system/libkeymgr.dylib
0x000000002ce97000 	/usr/lib/system/liblaunch.dylib
0x000000002ce97000 	/usr/lib/system/libmacho.dylib
0x000000002ce97000 	/usr/lib/system/libquarantine.dylib
0x000000002ce97000 	/usr/lib/system/libremovefile.dylib
0x000000002ce97000 	/usr/lib/system/libsystem_asl.dylib
0x000000002ce97000 	/usr/lib/system/libsystem_blocks.dylib
0x000000002ce97000 	/usr/lib/system/libsystem_c.dylib
0x000000002ce97000 	/usr/lib/system/libsystem_configuration.dylib
0x000000002ce97000 	/usr/lib/system/libsystem_coreservices.dylib
0x000000002ce97000 	/usr/lib/system/libsystem_coretls.dylib
0x000000002ce97000 	/usr/lib/system/libsystem_dnssd.dylib
0x000000002ce97000 	/usr/lib/system/libsystem_info.dylib
0x000000002ce97000 	/usr/lib/system/libsystem_kernel.dylib
0x000000002ce97000 	/usr/lib/system/libsystem_m.dylib
0x000000002ce97000 	/usr/lib/system/libsystem_malloc.dylib
0x000000002ce97000 	/usr/lib/system/libsystem_network.dylib
0x000000002ce97000 	/usr/lib/system/libsystem_networkextension.dylib
0x000000002ce97000 	/usr/lib/system/libsystem_notify.dylib
0x000000002ce97000 	/usr/lib/system/libsystem_platform.dylib
0x000000002ce97000 	/usr/lib/system/libsystem_pthread.dylib
0x000000002ce97000 	/usr/lib/system/libsystem_sandbox.dylib
0x000000002ce97000 	/usr/lib/system/libsystem_secinit.dylib
0x000000002ce97000 	/usr/lib/system/libsystem_symptoms.dylib
0x000000002ce97000 	/usr/lib/system/libsystem_trace.dylib
0x000000002ce97000 	/usr/lib/system/libunwind.dylib
0x000000002ce97000 	/usr/lib/system/libxpc.dylib
0x000000002ce97000 	/usr/lib/libbsm.0.dylib
0x000000002ce97000 	/usr/lib/system/libkxld.dylib
0x000000002ce97000 	/usr/lib/libcoretls.dylib
0x000000002ce97000 	/usr/lib/libcoretls_cfhelpers.dylib
0x000000002ce97000 	/usr/lib/libOpenScriptingUtil.dylib
0x000000002ce97000 	/usr/lib/libpam.2.dylib
0x000000002ce97000 	/usr/lib/libsqlite3.dylib
0x000000002ce97000 	/usr/lib/libxar.1.dylib
0x000000002ce97000 	/usr/lib/libbz2.1.0.dylib
0x000000002ce97000 	/usr/lib/liblzma.5.dylib
0x000000002ce97000 	/usr/lib/libnetwork.dylib
0x000000002ce97000 	/usr/lib/libpcap.A.dylib
0x000000002ce97000 	/System/Library/Frameworks/CoreServices.framework/Versions/A/Frameworks/FSEvents.framework/Versions/A/FSEvents
0x000000002ce97000 	/System/Library/Frameworks/CoreServices.framework/Versions/A/Frameworks/CarbonCore.framework/Versions/A/CarbonCore
0x000000002ce97000 	/System/Library/Frameworks/CoreServices.framework/Versions/A/Frameworks/Metadata.framework/Versions/A/Metadata
0x000000002ce97000 	/System/Library/Frameworks/CoreServices.framework/Versions/A/Frameworks/OSServices.framework/Versions/A/OSServices
0x000000002ce97000 	/System/Library/Frameworks/CoreServices.framework/Versions/A/Frameworks/SearchKit.framework/Versions/A/SearchKit
0x000000002ce97000 	/System/Library/Frameworks/CoreServices.framework/Versions/A/Frameworks/AE.framework/Versions/A/AE
0x000000002ce97000 	/System/Library/Frameworks/CoreServices.framework/Versions/A/Frameworks/LaunchServices.framework/Versions/A/LaunchServices
0x000000002ce97000 	/System/Library/Frameworks/CoreServices.framework/Versions/A/Frameworks/DictionaryServices.framework/Versions/A/DictionaryServices
0x000000002ce97000 	/System/Library/Frameworks/CoreServices.framework/Versions/A/Frameworks/SharedFileList.framework/Versions/A/SharedFileList
0x000000002ce97000 	/System/Library/Frameworks/NetFS.framework/Versions/A/NetFS
0x000000002ce97000 	/System/Library/PrivateFrameworks/NetAuth.framework/Versions/A/NetAuth
0x000000002ce97000 	/System/Library/PrivateFrameworks/login.framework/Versions/A/Frameworks/loginsupport.framework/Versions/A/loginsupport
0x000000002ce97000 	/System/Library/PrivateFrameworks/TCC.framework/Versions/A/TCC
0x000000002ce97000 	/usr/lib/libmecabra.dylib
0x000000002ce97000 	/System/Library/Frameworks/ApplicationServices.framework/Versions/A/Frameworks/ATS.framework/Versions/A/ATS
0x000000002ce97000 	/System/Library/Frameworks/ApplicationServices.framework/Versions/A/Frameworks/ColorSync.framework/Versions/A/ColorSync
0x000000002ce97000 	/System/Library/Frameworks/ApplicationServices.framework/Versions/A/Frameworks/HIServices.framework/Versions/A/HIServices
0x000000002ce97000 	/System/Library/Frameworks/ApplicationServices.framework/Versions/A/Frameworks/LangAnalysis.framework/Versions/A/LangAnalysis
0x000000002ce97000 	/System/Library/Frameworks/ApplicationServices.framework/Versions/A/Frameworks/PrintCore.framework/Versions/A/PrintCore
0x000000002ce97000 	/System/Library/Frameworks/ApplicationServices.framework/Versions/A/Frameworks/QD.framework/Versions/A/QD
0x000000002ce97000 	/System/Library/Frameworks/ApplicationServices.framework/Versions/A/Frameworks/SpeechSynthesis.framework/Versions/A/SpeechSynthesis
0x000000002ce97000 	/System/Library/Frameworks/Accelerate.framework/Versions/A/Frameworks/vImage.framework/Versions/A/vImage
0x000000002ce97000 	/System/Library/Frameworks/Accelerate.framework/Versions/A/Frameworks/vecLib.framework/Versions/A/vecLib
0x000000002ce97000 	/System/Library/Frameworks/Accelerate.framework/Versions/A/Frameworks/vecLib.framework/Versions/A/libvDSP.dylib
0x000000002ce97000 	/System/Library/Frameworks/Accelerate.framework/Versions/A/Frameworks/vecLib.framework/Versions/A/libBNNS.dylib
0x000000002ce97000 	/System/Library/Frameworks/Accelerate.framework/Versions/A/Frameworks/vecLib.framework/Versions/A/libQuadrature.dylib
0x000000002ce97000 	/System/Library/Frameworks/Accelerate.framework/Versions/A/Frameworks/vecLib.framework/Versions/A/libvMisc.dylib
0x000000002ce97000 	/System/Library/Frameworks/Accelerate.framework/Versions/A/Frameworks/vecLib.framework/Versions/A/libLAPACK.dylib
0x000000002ce97000 	/System/Library/Frameworks/Accelerate.framework/Versions/A/Frameworks/vecLib.framework/Versions/A/libBLAS.dylib
0x000000002ce97000 	/System/Library/Frameworks/Accelerate.framework/Versions/A/Frameworks/vecLib.framework/Versions/A/libLinearAlgebra.dylib
0x000000002ce97000 	/System/Library/Frameworks/Accelerate.framework/Versions/A/Frameworks/vecLib.framework/Versions/A/libSparseBLAS.dylib
0x000000002ce97000 	/System/Library/Frameworks/ApplicationServices.framework/Versions/A/Frameworks/ATS.framework/Versions/A/Resources/libFontParser.dylib
0x000000002ce97000 	/System/Library/Frameworks/ApplicationServices.framework/Versions/A/Frameworks/ATS.framework/Versions/A/Resources/libFontRegistry.dylib
0x000000002ce97000 	/System/Library/Frameworks/ImageIO.framework/Versions/A/Resources/libJPEG.dylib
0x000000002ce97000 	/System/Library/Frameworks/ImageIO.framework/Versions/A/Resources/libTIFF.dylib
0x000000002ce97000 	/System/Library/Frameworks/ImageIO.framework/Versions/A/Resources/libPng.dylib
0x000000002ce97000 	/System/Library/Frameworks/ImageIO.framework/Versions/A/Resources/libGIF.dylib
0x000000002ce97000 	/System/Library/Frameworks/ImageIO.framework/Versions/A/Resources/libJP2.dylib
0x000000002ce97000 	/System/Library/Frameworks/ImageIO.framework/Versions/A/Resources/libRadiance.dylib
0x000000002ce97000 	/usr/lib/libcompression.dylib
0x000000002ce97000 	/System/Library/PrivateFrameworks/AppleJPEG.framework/Versions/A/AppleJPEG
0x000000002ce97000 	/usr/lib/libcups.2.dylib
0x000000002ce97000 	/System/Library/Frameworks/Kerberos.framework/Versions/A/Kerberos
0x000000002ce97000 	/System/Library/Frameworks/GSS.framework/Versions/A/GSS
0x000000002ce97000 	/usr/lib/libresolv.9.dylib
0x000000002ce97000 	/usr/lib/libiconv.2.dylib
0x000000002ce97000 	/System/Library/PrivateFrameworks/Heimdal.framework/Versions/A/Heimdal
0x000000002ce97000 	/usr/lib/libheimdal-asn1.dylib
0x000000002ce97000 	/System/Library/Frameworks/OpenDirectory.framework/Versions/A/OpenDirectory
0x000000002ce97000 	/System/Library/PrivateFrameworks/CommonAuth.framework/Versions/A/CommonAuth
0x000000002ce97000 	/System/Library/Frameworks/OpenDirectory.framework/Versions/A/Frameworks/CFOpenDirectory.framework/Versions/A/CFOpenDirectory
0x000000002ce97000 	/System/Library/Frameworks/SecurityFoundation.framework/Versions/A/SecurityFoundation
0x000000002ce97000 	/System/Library/PrivateFrameworks/LanguageModeling.framework/Versions/A/LanguageModeling
0x000000002ce97000 	/usr/lib/libmarisa.dylib
0x000000002ce97000 	/usr/lib/libChineseTokenizer.dylib
0x000000002ce97000 	/usr/lib/libcmph.dylib
0x000000002ce97000 	/System/Library/PrivateFrameworks/CoreEmoji.framework/Versions/A/CoreEmoji
0x000000002ce97000 	/System/Library/Frameworks/ServiceManagement.framework/Versions/A/ServiceManagement
0x000000002ce97000 	/usr/lib/libxslt.1.dylib
0x000000002ce97000 	/System/Library/Frameworks/Carbon.framework/Versions/A/Frameworks/Ink.framework/Versions/A/Ink
0x000000002ce97000 	/System/Library/PrivateFrameworks/TextureIO.framework/Versions/A/TextureIO
0x000000002ce97000 	/System/Library/Frameworks/Metal.framework/Versions/A/Metal
0x000000002ce97000 	/usr/lib/libate.dylib
0x000000002ce97000 	/System/Library/PrivateFrameworks/GPUCompiler.framework/libmetal_timestamp.dylib
0x000000002ce97000 	/System/Library/Frameworks/OpenGL.framework/Versions/A/Libraries/libCoreFSCache.dylib
0x000000002ce97000 	/System/Library/PrivateFrameworks/IOAccelerator.framework/Versions/A/IOAccelerator
0x000000002ce97000 	/System/Library/Frameworks/CoreVideo.framework/Versions/A/CoreVideo
0x000000002ce97000 	/usr/lib/libFosl_dynamic.dylib
0x000000002ce97000 	/System/Library/PrivateFrameworks/MetalPerformanceShaders.framework/Versions/A/MetalPerformanceShaders
0x000000002ce97000 	/System/Library/PrivateFrameworks/FaceCore.framework/Versions/A/FaceCore
0x000000002ce97000 	/System/Library/Frameworks/OpenCL.framework/Versions/A/OpenCL
0x000000002ce97000 	/System/Library/Frameworks/OpenGL.framework/Versions/A/Libraries/libGLU.dylib
0x000000002ce97000 	/System/Library/Frameworks/OpenGL.framework/Versions/A/Libraries/libGFXShared.dylib
0x000000002ce97000 	/System/Library/Frameworks/OpenGL.framework/Versions/A/Libraries/libGL.dylib
0x000000002ce97000 	/System/Library/Frameworks/OpenGL.framework/Versions/A/Libraries/libGLImage.dylib
0x000000002ce97000 	/System/Library/Frameworks/OpenGL.framework/Versions/A/Libraries/libCVMSPluginSupport.dylib
0x000000002ce97000 	/System/Library/Frameworks/OpenGL.framework/Versions/A/Libraries/libCoreVMClient.dylib
0x000000002ce97000 	/System/Library/PrivateFrameworks/CrashReporterSupport.framework/Versions/A/CrashReporterSupport
0x000000002ce97000 	/System/Library/PrivateFrameworks/Sharing.framework/Versions/A/Sharing
0x000000002ce97000 	/System/Library/PrivateFrameworks/IconServices.framework/Versions/A/IconServices
0x000000002ce97000 	/System/Library/PrivateFrameworks/ProtocolBuffer.framework/Versions/A/ProtocolBuffer
0x000000002ce97000 	/System/Library/PrivateFrameworks/Apple80211.framework/Versions/A/Apple80211
0x000000002ce97000 	/System/Library/Frameworks/CoreWLAN.framework/Versions/A/CoreWLAN
0x000000002ce97000 	/System/Library/PrivateFrameworks/CoreUtils.framework/Versions/A/CoreUtils
0x000000002ce97000 	/System/Library/Frameworks/IOBluetooth.framework/Versions/A/IOBluetooth
0x000000002ce97000 	/System/Library/PrivateFrameworks/CoreWiFi.framework/Versions/A/CoreWiFi
0x000000002ce97000 	/System/Library/Frameworks/CoreBluetooth.framework/Versions/A/CoreBluetooth
0x000000002ce97000 	/System/Library/Frameworks/CoreDisplay.framework/Versions/A/CoreDisplay
0x000000002ce97000 	/System/Library/PrivateFrameworks/IOPresentment.framework/Versions/A/IOPresentment
0x000000002ce97000 	/System/Library/PrivateFrameworks/DSExternalDisplay.framework/Versions/A/DSExternalDisplay
0x000000002ce97000 	/System/Library/PrivateFrameworks/DebugSymbols.framework/Versions/A/DebugSymbols
0x000000002ce97000 	/System/Library/PrivateFrameworks/CoreSymbolication.framework/Versions/A/CoreSymbolication
0x000000002ce97000 	/System/Library/PrivateFrameworks/Symbolication.framework/Versions/A/Symbolication
0x000000002ce97000 	/System/Library/PrivateFrameworks/AppleFSCompression.framework/Versions/A/AppleFSCompression
0x000000002ce97000 	/System/Library/PrivateFrameworks/SpeechRecognitionCore.framework/Versions/A/SpeechRecognitionCore
0x000000002ce97000 	/System/Library/PrivateFrameworks/ChunkingLibrary.framework/Versions/A/ChunkingLibrary
0x000000010d400000 	/Library/Java/JavaVirtualMachines/jdk1.8.0_121.jdk/Contents/Home/jre/lib/server/libjvm.dylib
0x000000002ce97000 	/usr/lib/libstdc++.6.dylib
0x000000010c374000 	/Library/Java/JavaVirtualMachines/jdk1.8.0_121.jdk/Contents/Home/jre/lib/libverify.dylib
0x000000010c382000 	/Library/Java/JavaVirtualMachines/jdk1.8.0_121.jdk/Contents/Home/jre/lib/libjava.dylib
0x000000010c3c1000 	/Library/Java/JavaVirtualMachines/jdk1.8.0_121.jdk/Contents/Home/jre/lib/libzip.dylib
0x0000000112430000 	/System/Library/Frameworks/JavaVM.framework/Frameworks/JavaRuntimeSupport.framework/JavaRuntimeSupport
0x000000011244a000 	/System/Library/Frameworks/JavaVM.framework/Versions/A/Frameworks/JavaNativeFoundation.framework/Versions/A/JavaNativeFoundation
0x000000010c3f3000 	/System/Library/Frameworks/JavaVM.framework/Versions/A/JavaVM
0x000000002ce97000 	/System/Library/Frameworks/Carbon.framework/Versions/A/Carbon
0x000000011245f000 	/System/Library/PrivateFrameworks/JavaLaunching.framework/Versions/A/JavaLaunching
0x000000002ce97000 	/System/Library/Frameworks/Carbon.framework/Versions/A/Frameworks/CommonPanels.framework/Versions/A/CommonPanels
0x000000002ce97000 	/System/Library/Frameworks/Carbon.framework/Versions/A/Frameworks/Help.framework/Versions/A/Help
0x000000002ce97000 	/System/Library/Frameworks/Carbon.framework/Versions/A/Frameworks/ImageCapture.framework/Versions/A/ImageCapture
0x000000002ce97000 	/System/Library/Frameworks/Carbon.framework/Versions/A/Frameworks/OpenScripting.framework/Versions/A/OpenScripting
0x000000002ce97000 	/System/Library/Frameworks/Carbon.framework/Versions/A/Frameworks/Print.framework/Versions/A/Print
0x000000002ce97000 	/System/Library/Frameworks/Carbon.framework/Versions/A/Frameworks/SecurityHI.framework/Versions/A/SecurityHI
0x0000000113e04000 	/Library/Java/JavaVirtualMachines/jdk1.8.0_121.jdk/Contents/Home/jre/lib/libprism_es2.dylib
0x0000000113e6a000 	/System/Library/Frameworks/OpenGL.framework/Resources/GLEngine.bundle/GLEngine
0x000000002ce97000 	/System/Library/Frameworks/OpenGL.framework/Versions/A/Libraries/libGLProgrammability.dylib
0x000000011404f000 	/System/Library/Extensions/AppleIntelHD5000GraphicsGLDriver.bundle/Contents/MacOS/AppleIntelHD5000GraphicsGLDriver
0x000000002ce97000 	/System/Library/PrivateFrameworks/GPUSupport.framework/Versions/A/Libraries/libGPUSupportMercury.dylib
0x00000001147c2000 	/System/Library/Frameworks/OpenGL.framework/Resources//GLRendererFloat.bundle/GLRendererFloat
0x000000002ce97000 	/System/Library/Frameworks/OpenCL.framework/Versions/A/Libraries/libcldcpuengine.dylib
0x000000002ce97000 	/usr/lib/libcrypto.0.9.8.dylib
0x000000002ce97000 	/System/Library/PrivateFrameworks/TrustEvaluationAgent.framework/Versions/A/TrustEvaluationAgent
0x0000000114c25000 	/Library/Java/JavaVirtualMachines/jdk1.8.0_121.jdk/Contents/Home/jre/lib/libglass.dylib
0x000000002ce97000 	/System/Library/PrivateFrameworks/CoreServicesInternal.framework/Versions/A/CoreServicesInternal
0x000000002ce97000 	/System/Library/CoreServices/RawCamera.bundle/Contents/MacOS/RawCamera
0x000000002ce97000 	/System/Library/Frameworks/Accelerate.framework/Versions/A/Frameworks/vImage.framework/Versions/A/Libraries/libCGInterfaces.dylib
0x000000002ce97000 	/System/Library/PrivateFrameworks/FamilyControls.framework/Versions/A/FamilyControls
0x000000002ce97000 	/System/Library/PrivateFrameworks/CommerceKit.framework/Versions/A/Frameworks/CommerceCore.framework/Versions/A/CommerceCore
0x000000002ce97000 	/System/Library/PrivateFrameworks/SystemAdministration.framework/Versions/A/SystemAdministration
0x000000002ce97000 	/System/Library/PrivateFrameworks/AppContainer.framework/Versions/A/AppContainer
0x000000002ce97000 	/System/Library/PrivateFrameworks/SecCodeWrapper.framework/Versions/A/SecCodeWrapper
0x000000002ce97000 	/System/Library/Frameworks/DirectoryService.framework/Versions/A/DirectoryService
0x000000002ce97000 	/System/Library/PrivateFrameworks/DiskImages.framework/Versions/A/DiskImages
0x000000002ce97000 	/System/Library/PrivateFrameworks/LoginUIKit.framework/Versions/A/Frameworks/LoginUICore.framework/Versions/A/LoginUICore
0x000000002ce97000 	/usr/lib/libCoreStorage.dylib
0x000000002ce97000 	/usr/lib/libcsfde.dylib
0x000000002ce97000 	/usr/lib/libodfde.dylib
0x000000002ce97000 	/System/Library/Frameworks/DiscRecording.framework/Versions/A/DiscRecording
0x000000002ce97000 	/usr/lib/libcurl.4.dylib
0x000000002ce97000 	/System/Library/PrivateFrameworks/MediaKit.framework/Versions/A/MediaKit
0x000000002ce97000 	/System/Library/PrivateFrameworks/ProtectedCloudStorage.framework/Versions/A/ProtectedCloudStorage
0x000000002ce97000 	/System/Library/PrivateFrameworks/EFILogin.framework/Versions/A/EFILogin
0x000000002ce97000 	/usr/lib/libutil.dylib
0x000000002ce97000 	/System/Library/Frameworks/LDAP.framework/Versions/A/LDAP
0x000000002ce97000 	/usr/lib/libsasl2.2.dylib
0x000000002ce97000 	/System/Library/PrivateFrameworks/CoreDaemon.framework/Versions/B/CoreDaemon
0x000000002ce97000 	/System/Library/PrivateFrameworks/AppleSRP.framework/Versions/A/AppleSRP
0x000000002ce97000 	/System/Library/PrivateFrameworks/APFS.framework/Versions/A/APFS
0x0000000114c9d000 	/Library/Java/JavaVirtualMachines/jdk1.8.0_121.jdk/Contents/Home/jre/lib/libjavafx_font.dylib
0x000000002ce97000 	/System/Library/Frameworks/ApplicationServices.framework/Versions/A/Frameworks/ATS.framework/Versions/A/Resources/libTrueTypeScaler.dylib
0x0000000132baa000 	/System/Library/Extensions/AppleIntelHD5000GraphicsMTLDriver.bundle/Contents/MacOS/AppleIntelHD5000GraphicsMTLDriver
0x000000012f5b0000 	/Library/Java/JavaVirtualMachines/jdk1.8.0_121.jdk/Contents/Home/jre/lib/libprism_common.dylib
0x000000002ce97000 	/System/Library/PrivateFrameworks/ViewBridge.framework/Versions/A/ViewBridge
0x000000002ce97000 	/System/Library/PrivateFrameworks/XPCService.framework/Versions/A/XPCService
0x000000002ce97000 	/System/Library/PrivateFrameworks/AppSandbox.framework/Versions/A/AppSandbox
0x000000002ce97000 	/usr/lib/libsandbox.1.dylib
0x000000002ce97000 	/usr/lib/libMatch.1.dylib
0x000000013649b000 	/Library/Java/JavaVirtualMachines/jdk1.8.0_121.jdk/Contents/Home/jre/lib/libawt.dylib
0x0000000136543000 	/Library/Java/JavaVirtualMachines/jdk1.8.0_121.jdk/Contents/Home/jre/lib/./libmlib_image.dylib
0x000000013660f000 	/Library/Java/JavaVirtualMachines/jdk1.8.0_121.jdk/Contents/Home/jre/lib/libawt_lwawt.dylib
0x000000012f63a000 	/Library/Java/JavaVirtualMachines/jdk1.8.0_121.jdk/Contents/Home/jre/lib/./libosxapp.dylib
0x000000002ce97000 	/System/Library/Frameworks/ExceptionHandling.framework/Versions/A/ExceptionHandling
0x000000012f625000 	/Library/Java/JavaVirtualMachines/jdk1.8.0_121.jdk/Contents/Home/jre/lib/libnio.dylib
0x000000012f728000 	/Library/Java/JavaVirtualMachines/jdk1.8.0_121.jdk/Contents/Home/jre/lib/./libnet.dylib
0x0000000135a56000 	/Library/Java/JavaVirtualMachines/jdk1.8.0_121.jdk/Contents/Home/jre/lib/libjpeg.dylib
0x00000001361d5000 	/Library/Java/JavaVirtualMachines/jdk1.8.0_121.jdk/Contents/Home/jre/lib/liblcms.dylib
0x000000002ce97000 	/System/Library/PrivateFrameworks/FinderKit.framework/Versions/A/FinderKit
0x000000002ce97000 	/System/Library/Frameworks/Quartz.framework/Versions/A/Frameworks/QuickLookUI.framework/Versions/A/QuickLookUI
0x000000002ce97000 	/System/Library/Frameworks/Quartz.framework/Versions/A/Frameworks/ImageKit.framework/Versions/A/ImageKit
0x000000002ce97000 	/System/Library/PrivateFrameworks/Bom.framework/Versions/A/Bom
0x000000002ce97000 	/System/Library/Frameworks/QuickLook.framework/Versions/A/QuickLook
0x000000002ce97000 	/System/Library/PrivateFrameworks/Suggestions.framework/Versions/A/Suggestions
0x000000002ce97000 	/System/Library/PrivateFrameworks/AppleSystemInfo.framework/Versions/A/AppleSystemInfo
0x000000002ce97000 	/System/Library/Frameworks/ImageCaptureCore.framework/Versions/A/ImageCaptureCore
0x000000002ce97000 	/System/Library/Frameworks/SafariServices.framework/Versions/A/SafariServices
0x000000002ce97000 	/System/Library/Frameworks/QTKit.framework/Versions/A/QTKit
0x000000002ce97000 	/System/Library/PrivateFrameworks/MobileKeyBag.framework/Versions/A/MobileKeyBag
0x000000002ce97000 	/System/Library/Frameworks/AVFoundation.framework/Versions/A/AVFoundation
0x000000002ce97000 	/System/Library/Frameworks/CoreMedia.framework/Versions/A/CoreMedia
0x000000002ce97000 	/System/Library/Frameworks/MediaToolbox.framework/Versions/A/MediaToolbox
0x000000002ce97000 	/System/Library/Frameworks/VideoToolbox.framework/Versions/A/VideoToolbox
0x000000002ce97000 	/System/Library/PrivateFrameworks/CoreMediaAuthoring.framework/Versions/A/CoreMediaAuthoring
0x000000002ce97000 	/System/Library/Frameworks/CoreMediaIO.framework/Versions/A/CoreMediaIO
0x000000002ce97000 	/System/Library/Frameworks/AVFoundation.framework/Versions/A/Frameworks/AVFAudio.framework/Versions/A/AVFAudio
0x000000002ce97000 	/System/Library/PrivateFrameworks/IntlPreferences.framework/Versions/A/IntlPreferences
0x000000002ce97000 	/usr/lib/libspindump.dylib
0x000000002ce97000 	/usr/lib/libdscsym.dylib
0x000000002ce97000 	/System/Library/PrivateFrameworks/CoreAVCHD.framework/Versions/A/CoreAVCHD
0x000000002ce97000 	/System/Library/Frameworks/MediaAccessibility.framework/Versions/A/MediaAccessibility
0x000000002ce97000 	/System/Library/PrivateFrameworks/Mangrove.framework/Versions/A/Mangrove
0x000000002ce97000 	/System/Library/PrivateFrameworks/CoreAUC.framework/Versions/A/CoreAUC
0x000000002ce97000 	/System/Library/PrivateFrameworks/AppleVA.framework/Versions/A/AppleVA
0x000000002ce97000 	/System/Library/PrivateFrameworks/QuickLookThumbnailing.framework/Versions/A/QuickLookThumbnailing
0x000000002ce97000 	/System/Library/PrivateFrameworks/DisplayServices.framework/Versions/A/DisplayServices
0x000000002ce97000 	/System/Library/Frameworks/Quartz.framework/Versions/A/Frameworks/PDFKit.framework/Versions/A/PDFKit
0x000000002ce97000 	/System/Library/Frameworks/Quartz.framework/Versions/A/Frameworks/QuartzComposer.framework/Versions/A/QuartzComposer
0x000000002ce97000 	/System/Library/Frameworks/Quartz.framework/Versions/A/Frameworks/QuartzFilters.framework/Versions/A/QuartzFilters
0x000000002ce97000 	/System/Library/PrivateFrameworks/CorePDF.framework/Versions/A/CorePDF
0x000000002ce97000 	/System/Library/Frameworks/JavaScriptCore.framework/Versions/A/JavaScriptCore
0x000000002ce97000 	/System/Library/Frameworks/AddressBook.framework/Versions/A/AddressBook
0x000000002ce97000 	/System/Library/PrivateFrameworks/ContactsPersistence.framework/Versions/A/ContactsPersistence
0x000000002ce97000 	/System/Library/PrivateFrameworks/CalendarAgentLink.framework/Versions/A/CalendarAgentLink
0x000000002ce97000 	/System/Library/PrivateFrameworks/ContactsFoundation.framework/Versions/A/ContactsFoundation
0x000000002ce97000 	/System/Library/PrivateFrameworks/vCard.framework/Versions/A/vCard
0x000000002ce97000 	/System/Library/PrivateFrameworks/ToneLibrary.framework/Versions/A/ToneLibrary
0x000000002ce97000 	/System/Library/PrivateFrameworks/ToneKit.framework/Versions/A/ToneKit
0x000000002ce97000 	/System/Library/PrivateFrameworks/ApplePushService.framework/Versions/A/ApplePushService
0x000000002ce97000 	/System/Library/Frameworks/SecurityInterface.framework/Versions/A/SecurityInterface
0x000000002ce97000 	/System/Library/PrivateFrameworks/PhoneNumbers.framework/Versions/A/PhoneNumbers
0x000000002ce97000 	/System/Library/Frameworks/Quartz.framework/Versions/A/Quartz
0x000000002ce97000 	/System/Library/Frameworks/Accounts.framework/Versions/A/Accounts
0x000000002ce97000 	/System/Library/PrivateFrameworks/OAuth.framework/Versions/A/OAuth
0x000000002ce97000 	/System/Library/PrivateFrameworks/CacheDelete.framework/Versions/A/CacheDelete
0x000000002ce97000 	/System/Library/PrivateFrameworks/CloudDocs.framework/Versions/A/CloudDocs
0x000000002ce97000 	/System/Library/Frameworks/CloudKit.framework/Versions/A/CloudKit
0x000000002ce97000 	/System/Library/PrivateFrameworks/MMCS.framework/Versions/A/MMCS
0x000000002ce97000 	/System/Library/Frameworks/CoreLocation.framework/Versions/A/CoreLocation
0x000000002ce97000 	/System/Library/PrivateFrameworks/AssetCacheServices.framework/Versions/A/AssetCacheServices
0x000000002ce97000 	/System/Library/PrivateFrameworks/GeoServices.framework/Versions/A/GeoServices
0x000000002ce97000 	/System/Library/PrivateFrameworks/PlugInKit.framework/Versions/A/PlugInKit
0x000000002ce97000 	/System/Library/PrivateFrameworks/NetFSServer.framework/Versions/A/NetFSServer
0x000000002ce97000 	/System/Library/PrivateFrameworks/iLifeMediaBrowser.framework/Versions/A/iLifeMediaBrowser
0x000000002ce97000 	/System/Library/Frameworks/AVKit.framework/Versions/A/AVKit
0x000000002ce97000 	/System/Library/PrivateFrameworks/MediaRemote.framework/Versions/A/MediaRemote
0x000000002ce97000 	/System/Library/PrivateFrameworks/MediaServices.framework/Versions/A/MediaServices
0x000000013c380000 	/System/Library/Frameworks/Security.framework/PlugIns/csparser.bundle/Contents/MacOS/csparser
0x000000002ce97000 	/System/Library/PrivateFrameworks/Shortcut.framework/Versions/A/Shortcut
0x000000002ce97000 	/System/Library/PrivateFrameworks/HelpData.framework/Versions/A/HelpData

VM Arguments:
jvm_args: -Dfile.encoding=UTF-8 
java_command: neural.hand.writing.recognition.NeuralHandWritingRecognition
java_class_path (initial): /Users/mathew/NetBeansProjects/OHR/build/classes
Launcher Type: SUN_STANDARD

Environment Variables:
PATH=/usr/bin:/bin:/usr/sbin:/sbin
LD_LIBRARY_PATH=/Library/Java/JavaVirtualMachines/jdk1.8.0_121.jdk/Contents/Home/jre/lib/amd64:/Library/Java/JavaVirtualMachines/jdk1.8.0_121.jdk/Contents/Home/jre/lib/i386:
SHELL=/bin/bash
DISPLAY=/private/tmp/com.apple.launchd.rT2PMrlIGI/org.macosforge.xquartz:0

Signal Handlers:
SIGSEGV: [libjvm.dylib+0x5b1141], sa_mask[0]=11111111011111110111111111111111, sa_flags=SA_ONSTACK|SA_RESTART|SA_SIGINFO
SIGBUS: [libjvm.dylib+0x5b1141], sa_mask[0]=11111111011111110111111111111111, sa_flags=SA_RESTART|SA_SIGINFO
SIGFPE: [libjvm.dylib+0x487bc4], sa_mask[0]=11111111011111110111111111111111, sa_flags=SA_RESTART|SA_SIGINFO
SIGPIPE: [libjvm.dylib+0x487bc4], sa_mask[0]=11111111011111110111111111111111, sa_flags=SA_RESTART|SA_SIGINFO
SIGXFSZ: [libjvm.dylib+0x487bc4], sa_mask[0]=11111111011111110111111111111111, sa_flags=SA_RESTART|SA_SIGINFO
SIGILL: [libjvm.dylib+0x487bc4], sa_mask[0]=11111111011111110111111111111111, sa_flags=SA_RESTART|SA_SIGINFO
SIGUSR1: SIG_DFL, sa_mask[0]=00000000000000000000000000000000, sa_flags=none
SIGUSR2: [libjvm.dylib+0x4876e2], sa_mask[0]=00100000000000000000000000000000, sa_flags=SA_RESTART|SA_SIGINFO
SIGHUP: [libjvm.dylib+0x485cb9], sa_mask[0]=11111111011111110111111111111111, sa_flags=SA_RESTART|SA_SIGINFO
SIGINT: SIG_IGN, sa_mask[0]=00000000000000000000000000000000, sa_flags=none
SIGTERM: [libjvm.dylib+0x485cb9], sa_mask[0]=11111111011111110111111111111111, sa_flags=SA_RESTART|SA_SIGINFO
SIGQUIT: [libjvm.dylib+0x485cb9], sa_mask[0]=11111111011111110111111111111111, sa_flags=SA_RESTART|SA_SIGINFO


---------------  S Y S T E M  ---------------

OS:Bsduname:Darwin 16.7.0 Darwin Kernel Version 16.7.0: Thu Jun 15 17:36:27 PDT 2017; root:xnu-3789.70.16~2/RELEASE_X86_64 x86_64
rlimit: STACK 8192k, CORE 0k, NPROC 709, NOFILE 10240, AS infinity
load average:3.68 3.23 2.95

CPU:total 8 (4 cores per cpu, 2 threads per core) family 6 model 70 stepping 1, cmov, cx8, fxsr, mmx, sse, sse2, sse3, ssse3, sse4.1, sse4.2, popcnt, avx, avx2, aes, clmul, erms, rtm, lzcnt, ht, tsc, tscinvbit, bmi1, bmi2

Memory: 4k page, physical 16777216k(2068656k free)

/proc/meminfo:


vm_info: Java HotSpot(TM) 64-Bit Server VM (25.121-b13) for bsd-amd64 JRE (1.8.0_121-b13), built on Dec 12 2016 20:39:32 by "java_re" with gcc 4.2.1 (Based on Apple Inc. build 5658) (LLVM build 2336.11.00)

time: Wed Dec 13 12:15:35 2017
elapsed time: 345 seconds (0d 0h 5m 45s)

